Linux 5.11.0-36-generic (login01-virtual-machine) 	2021年10月04日 	_x86_64_	(8 CPU)

# Time        UID      TGID       TID    %usr %system  %guest   %wait    %CPU   CPU  minflt/s  majflt/s     VSZ     RSS   %MEM StkSize  StkRef  Command
03時04分22秒     0      4321         -    0.00    0.00    0.00    0.00    0.00     7      0.00      0.00    2516     628   0.03     132      12  test_pthread_de
03時04分22秒     0         -      4321    0.00    0.00    0.00    0.00    0.00     7      0.00      0.00    2516     628   0.03     132      12  |__test_pthread_de

# Time        UID      TGID       TID    %usr %system  %guest   %wait    %CPU   CPU  minflt/s  majflt/s     VSZ     RSS   %MEM StkSize  StkRef  Command
03時04分23秒     0      4321         -    0.00    0.00    0.00    0.00    0.00     7      0.00      0.00    2516     628   0.03     132      12  test_pthread_de
03時04分23秒     0         -      4321    0.00    0.00    0.00    0.00    0.00     7      0.00      0.00    2516     628   0.03     132      12  |__test_pthread_de

# Time        UID      TGID       TID    %usr %system  %guest   %wait    %CPU   CPU  minflt/s  majflt/s     VSZ     RSS   %MEM StkSize  StkRef  Command
03時04分24秒     0      4321         -    0.00    0.00    0.00    0.00    0.00     7      0.00      0.00    2516     628   0.03     132      12  test_pthread_de
03時04分24秒     0         -      4321    0.00    0.00    0.00    0.00    0.00     7      0.00      0.00    2516     628   0.03     132      12  |__test_pthread_de

# Time        UID      TGID       TID    %usr %system  %guest   %wait    %CPU   CPU  minflt/s  majflt/s     VSZ     RSS   %MEM StkSize  StkRef  Command
03時04分25秒     0      4321         -    0.00    0.00    0.00    0.00    0.00     7      0.00      0.00    2516     628   0.03     132      12  test_pthread_de
03時04分25秒     0         -      4321    0.00    0.00    0.00    0.00    0.00     7      0.00      0.00    2516     628   0.03     132      12  |__test_pthread_de

# Time        UID      TGID       TID    %usr %system  %guest   %wait    %CPU   CPU  minflt/s  majflt/s     VSZ     RSS   %MEM StkSize  StkRef  Command
03時04分26秒     0      4321         -    0.00    0.00    0.00    0.00    0.00     7      0.00      0.00    2516     628   0.03     132      12  test_pthread_de
03時04分26秒     0         -      4321    0.00    0.00    0.00    0.00    0.00     7      0.00      0.00    2516     628   0.03     132      12  |__test_pthread_de

# Time        UID      TGID       TID    %usr %system  %guest   %wait    %CPU   CPU  minflt/s  majflt/s     VSZ     RSS   %MEM StkSize  StkRef  Command
03時04分27秒     0      4321         -    0.00    0.00    0.00    0.00    0.00     7      0.00      0.00    2516     628   0.03     132      12  test_pthread_de
03時04分27秒     0         -      4321    0.00    0.00    0.00    0.00    0.00     7      0.00      0.00    2516     628   0.03     132      12  |__test_pthread_de

# Time        UID      TGID       TID    %usr %system  %guest   %wait    %CPU   CPU  minflt/s  majflt/s     VSZ     RSS   %MEM StkSize  StkRef  Command
03時04分28秒     0      4321         -    0.00    0.00    0.00    0.00    0.00     7     27.00      0.00  117360     628   0.03     132      12  test_pthread_de
03時04分28秒     0         -      4321    0.00    0.00    0.00    0.00    0.00     7     15.00      0.00  117360     628   0.03     132      12  |__test_pthread_de
03時04分28秒     0         -      4323    0.00    0.00    0.00    0.00    0.00     1      4.00      0.00  117360     628   0.03     132      12  |__test_pthread_de
03時04分28秒     0         -      4324    0.00    0.00    0.00    0.00    0.00     3      4.00      0.00  117360     628   0.03     132      12  |__test_pthread_de
03時04分28秒     0         -      4325    0.00    0.00    0.00    0.00    0.00     0      1.00      0.00  117360     628   0.03     132      12  |__test_pthread_de
03時04分28秒     0         -      4326    0.00    0.00    0.00    0.00    0.00     4      1.00      0.00  117360     628   0.03     132      12  |__test_pthread_de
03時04分28秒     0         -      4327    0.00    0.00    0.00    0.00    0.00     2      1.00      0.00  117360     628   0.03     132      12  |__test_pthread_de
03時04分28秒     0         -      4328    0.00    0.00    0.00    0.00    0.00     5      1.00      0.00  117360     628   0.03     132      12  |__test_pthread_de

# Time        UID      TGID       TID    %usr %system  %guest   %wait    %CPU   CPU  minflt/s  majflt/s     VSZ     RSS   %MEM StkSize  StkRef  Command
03時04分29秒     0      4321         -    0.00    0.00    0.00    0.00    0.00     7      0.00      0.00  117360     628   0.03     132      12  test_pthread_de
03時04分29秒     0         -      4321    0.00    0.00    0.00    0.00    0.00     7      0.00      0.00  117360     628   0.03     132      12  |__test_pthread_de
03時04分29秒     0         -      4323    0.00    0.00    0.00    0.00    0.00     1      0.00      0.00  117360     628   0.03     132      12  |__test_pthread_de
03時04分29秒     0         -      4324    0.00    0.00    0.00    0.00    0.00     3      0.00      0.00  117360     628   0.03     132      12  |__test_pthread_de
03時04分29秒     0         -      4325    0.00    0.00    0.00    0.00    0.00     0      0.00      0.00  117360     628   0.03     132      12  |__test_pthread_de
03時04分29秒     0         -      4326    0.00    0.00    0.00    0.00    0.00     4      0.00      0.00  117360     628   0.03     132      12  |__test_pthread_de
03時04分29秒     0         -      4327    0.00    0.00    0.00    0.00    0.00     2      0.00      0.00  117360     628   0.03     132      12  |__test_pthread_de
03時04分29秒     0         -      4328    0.00    0.00    0.00    0.00    0.00     5      0.00      0.00  117360     628   0.03     132      12  |__test_pthread_de

# Time        UID      TGID       TID    %usr %system  %guest   %wait    %CPU   CPU  minflt/s  majflt/s     VSZ     RSS   %MEM StkSize  StkRef  Command
03時04分30秒     0      4321         -    0.00    0.00    0.00    0.00    0.00     7      0.00      0.00  117360     628   0.03     132      12  test_pthread_de
03時04分30秒     0         -      4321    0.00    0.00    0.00    0.00    0.00     7      0.00      0.00  117360     628   0.03     132      12  |__test_pthread_de
03時04分30秒     0         -      4323    0.00    0.00    0.00    0.00    0.00     1      0.00      0.00  117360     628   0.03     132      12  |__test_pthread_de
03時04分30秒     0         -      4324    0.00    0.00    0.00    0.00    0.00     3      0.00      0.00  117360     628   0.03     132      12  |__test_pthread_de
03時04分30秒     0         -      4325    0.00    0.00    0.00    0.00    0.00     0      0.00      0.00  117360     628   0.03     132      12  |__test_pthread_de
03時04分30秒     0         -      4326    0.00    0.00    0.00    0.00    0.00     4      0.00      0.00  117360     628   0.03     132      12  |__test_pthread_de
03時04分30秒     0         -      4327    0.00    0.00    0.00    0.00    0.00     2      0.00      0.00  117360     628   0.03     132      12  |__test_pthread_de
03時04分30秒     0         -      4328    0.00    0.00    0.00    0.00    0.00     5      0.00      0.00  117360     628   0.03     132      12  |__test_pthread_de

# Time        UID      TGID       TID    %usr %system  %guest   %wait    %CPU   CPU  minflt/s  majflt/s     VSZ     RSS   %MEM StkSize  StkRef  Command
03時04分31秒     0      4321         -    0.00    0.00    0.00    0.00    0.00     7      0.00      0.00  117360     628   0.03     132      12  test_pthread_de
03時04分31秒     0         -      4321    0.00    0.00    0.00    0.00    0.00     7      0.00      0.00  117360     628   0.03     132      12  |__test_pthread_de
03時04分31秒     0         -      4323    0.00    0.00    0.00    0.00    0.00     1      0.00      0.00  117360     628   0.03     132      12  |__test_pthread_de
03時04分31秒     0         -      4324    0.00    0.00    0.00    0.00    0.00     3      0.00      0.00  117360     628   0.03     132      12  |__test_pthread_de
03時04分31秒     0         -      4325    0.00    0.00    0.00    0.00    0.00     0      0.00      0.00  117360     628   0.03     132      12  |__test_pthread_de
03時04分31秒     0         -      4326    0.00    0.00    0.00    0.00    0.00     4      0.00      0.00  117360     628   0.03     132      12  |__test_pthread_de
03時04分31秒     0         -      4327    0.00    0.00    0.00    0.00    0.00     2      0.00      0.00  117360     628   0.03     132      12  |__test_pthread_de
03時04分31秒     0         -      4328    0.00    0.00    0.00    0.00    0.00     5      0.00      0.00  117360     628   0.03     132      12  |__test_pthread_de

# Time        UID      TGID       TID    %usr %system  %guest   %wait    %CPU   CPU  minflt/s  majflt/s     VSZ     RSS   %MEM StkSize  StkRef  Command
03時04分32秒     0      4321         -    0.00    0.00    0.00    0.00    0.00     7      0.00      0.00  117360     628   0.03     132      12  test_pthread_de
03時04分32秒     0         -      4321    0.00    0.00    0.00    0.00    0.00     7      0.00      0.00  117360     628   0.03     132      12  |__test_pthread_de
03時04分32秒     0         -      4323    0.00    0.00    0.00    0.00    0.00     1      0.00      0.00  117360     628   0.03     132      12  |__test_pthread_de
03時04分32秒     0         -      4324    0.00    0.00    0.00    0.00    0.00     3      0.00      0.00  117360     628   0.03     132      12  |__test_pthread_de
03時04分32秒     0         -      4325    0.00    0.00    0.00    0.00    0.00     0      0.00      0.00  117360     628   0.03     132      12  |__test_pthread_de
03時04分32秒     0         -      4326    0.00    0.00    0.00    0.00    0.00     4      0.00      0.00  117360     628   0.03     132      12  |__test_pthread_de
03時04分32秒     0         -      4327    0.00    0.00    0.00    0.00    0.00     2      0.00      0.00  117360     628   0.03     132      12  |__test_pthread_de
03時04分32秒     0         -      4328    0.00    0.00    0.00    0.00    0.00     5      0.00      0.00  117360     628   0.03     132      12  |__test_pthread_de

# Time        UID      TGID       TID    %usr %system  %guest   %wait    %CPU   CPU  minflt/s  majflt/s     VSZ     RSS   %MEM StkSize  StkRef  Command
03時04分33秒     0      4321         -    0.00    0.00    0.00    0.00    0.00     7      3.00      0.00  166504     876   0.04     132      12  test_pthread_de
03時04分33秒     0         -      4321    0.00    0.00    0.00    0.00    0.00     7      0.00      0.00  166504     876   0.04     132      12  |__test_pthread_de

# Time        UID      TGID       TID    %usr %system  %guest   %wait    %CPU   CPU  minflt/s  majflt/s     VSZ     RSS   %MEM StkSize  StkRef  Command
03時04分34秒     0      4321         -    0.00    0.00    0.00    0.00    0.00     7      0.00      0.00  166504     876   0.04     132      12  test_pthread_de
03時04分34秒     0         -      4321    0.00    0.00    0.00    0.00    0.00     7      0.00      0.00  166504     876   0.04     132      12  |__test_pthread_de

# Time        UID      TGID       TID    %usr %system  %guest   %wait    %CPU   CPU  minflt/s  majflt/s     VSZ     RSS   %MEM StkSize  StkRef  Command
03時04分35秒     0      4321         -    0.00    0.00    0.00    0.00    0.00     7      0.00      0.00  166504     876   0.04     132      12  test_pthread_de
03時04分35秒     0         -      4321    0.00    0.00    0.00    0.00    0.00     7      0.00      0.00  166504     876   0.04     132      12  |__test_pthread_de

# Time        UID      TGID       TID    %usr %system  %guest   %wait    %CPU   CPU  minflt/s  majflt/s     VSZ     RSS   %MEM StkSize  StkRef  Command
03時04分36秒     0      4321         -    0.00    0.00    0.00    0.00    0.00     7      0.00      0.00  166504     876   0.04     132      12  test_pthread_de
03時04分36秒     0         -      4321    0.00    0.00    0.00    0.00    0.00     7      0.00      0.00  166504     876   0.04     132      12  |__test_pthread_de

# Time        UID      TGID       TID    %usr %system  %guest   %wait    %CPU   CPU  minflt/s  majflt/s     VSZ     RSS   %MEM StkSize  StkRef  Command
03時04分37秒     0      4321         -    0.00    0.00    0.00    0.00    0.00     7      0.00      0.00  166504     876   0.04     132      12  test_pthread_de
03時04分37秒     0         -      4321    0.00    0.00    0.00    0.00    0.00     7      0.00      0.00  166504     876   0.04     132      12  |__test_pthread_de

# Time        UID      TGID       TID    %usr %system  %guest   %wait    %CPU   CPU  minflt/s  majflt/s     VSZ     RSS   %MEM StkSize  StkRef  Command
03時04分38秒     0      4321         -    0.00    0.00    0.00    0.00    0.00     7      0.00      0.00  166504     876   0.04     132      12  test_pthread_de
03時04分38秒     0         -      4321    0.00    0.00    0.00    0.00    0.00     7      0.00      0.00  166504     876   0.04     132      12  |__test_pthread_de

# Time        UID      TGID       TID    %usr %system  %guest   %wait    %CPU   CPU  minflt/s  majflt/s     VSZ     RSS   %MEM StkSize  StkRef  Command
03時04分39秒     0      4321         -    0.00    0.00    0.00    0.00    0.00     7      0.00      0.00  166504     876   0.04     132      12  test_pthread_de
03時04分39秒     0         -      4321    0.00    0.00    0.00    0.00    0.00     7      0.00      0.00  166504     876   0.04     132      12  |__test_pthread_de

# Time        UID      TGID       TID    %usr %system  %guest   %wait    %CPU   CPU  minflt/s  majflt/s     VSZ     RSS   %MEM StkSize  StkRef  Command
03時04分40秒     0      4321         -    0.00    0.00    0.00    0.00    0.00     7      0.00      0.00  166504     876   0.04     132      12  test_pthread_de
03時04分40秒     0         -      4321    0.00    0.00    0.00    0.00    0.00     7      0.00      0.00  166504     876   0.04     132      12  |__test_pthread_de

# Time        UID      TGID       TID    %usr %system  %guest   %wait    %CPU   CPU  minflt/s  majflt/s     VSZ     RSS   %MEM StkSize  StkRef  Command
03時04分41秒     0      4321         -    0.00    0.00    0.00    0.00    0.00     7      0.00      0.00  166504     876   0.04     132      12  test_pthread_de
03時04分41秒     0         -      4321    0.00    0.00    0.00    0.00    0.00     7      0.00      0.00  166504     876   0.04     132      12  |__test_pthread_de

# Time        UID      TGID       TID    %usr %system  %guest   %wait    %CPU   CPU  minflt/s  majflt/s     VSZ     RSS   %MEM StkSize  StkRef  Command
03時04分42秒     0      4321         -    0.00    0.00    0.00    0.00    0.00     7      0.00      0.00  166504     876   0.04     132      12  test_pthread_de
03時04分42秒     0         -      4321    0.00    0.00    0.00    0.00    0.00     7      0.00      0.00  166504     876   0.04     132      12  |__test_pthread_de

# Time        UID      TGID       TID    %usr %system  %guest   %wait    %CPU   CPU  minflt/s  majflt/s     VSZ     RSS   %MEM StkSize  StkRef  Command
03時04分43秒     0      4321         -    0.00    0.00    0.00    0.00    0.00     7      2.00      0.00  166504     876   0.04     132      12  test_pthread_de
03時04分43秒     0         -      4321    0.00    0.00    0.00    0.00    0.00     7      0.00      0.00  166504     876   0.04     132      12  |__test_pthread_de
03時04分43秒     0         -      4329    0.00    0.00    0.00    0.00    0.00     1      1.00      0.00  166504     876   0.04     132      12  |__test_pthread_de
03時04分43秒     0         -      4330    0.00    0.00    0.00    0.00    0.00     3      1.00      0.00  166504     876   0.04     132      12  |__test_pthread_de

# Time        UID      TGID       TID    %usr %system  %guest   %wait    %CPU   CPU  minflt/s  majflt/s     VSZ     RSS   %MEM StkSize  StkRef  Command
03時04分44秒     0      4321         -    0.00    0.00    0.00    0.00    0.00     7      0.00      0.00  166504     876   0.04     132      12  test_pthread_de
03時04分44秒     0         -      4321    0.00    0.00    0.00    0.00    0.00     7      0.00      0.00  166504     876   0.04     132      12  |__test_pthread_de
03時04分44秒     0         -      4329    0.00    0.00    0.00    0.00    0.00     1      0.00      0.00  166504     876   0.04     132      12  |__test_pthread_de
03時04分44秒     0         -      4330    0.00    0.00    0.00    0.00    0.00     3      0.00      0.00  166504     876   0.04     132      12  |__test_pthread_de

# Time        UID      TGID       TID    %usr %system  %guest   %wait    %CPU   CPU  minflt/s  majflt/s     VSZ     RSS   %MEM StkSize  StkRef  Command
03時04分45秒     0      4321         -    0.00    0.00    0.00    0.00    0.00     7      0.00      0.00  166504     876   0.04     132      12  test_pthread_de
03時04分45秒     0         -      4321    0.00    0.00    0.00    0.00    0.00     7      0.00      0.00  166504     876   0.04     132      12  |__test_pthread_de
03時04分45秒     0         -      4329    0.00    0.00    0.00    0.00    0.00     1      0.00      0.00  166504     876   0.04     132      12  |__test_pthread_de
03時04分45秒     0         -      4330    0.00    0.00    0.00    0.00    0.00     3      0.00      0.00  166504     876   0.04     132      12  |__test_pthread_de

# Time        UID      TGID       TID    %usr %system  %guest   %wait    %CPU   CPU  minflt/s  majflt/s     VSZ     RSS   %MEM StkSize  StkRef  Command
03時04分46秒     0      4321         -    0.00    0.00    0.00    0.00    0.00     7      0.00      0.00  166504     876   0.04     132      12  test_pthread_de
03時04分46秒     0         -      4321    0.00    0.00    0.00    0.00    0.00     7      0.00      0.00  166504     876   0.04     132      12  |__test_pthread_de
03時04分46秒     0         -      4329    0.00    0.00    0.00    0.00    0.00     1      0.00      0.00  166504     876   0.04     132      12  |__test_pthread_de
03時04分46秒     0         -      4330    0.00    0.00    0.00    0.00    0.00     3      0.00      0.00  166504     876   0.04     132      12  |__test_pthread_de

# Time        UID      TGID       TID    %usr %system  %guest   %wait    %CPU   CPU  minflt/s  majflt/s     VSZ     RSS   %MEM StkSize  StkRef  Command
03時04分47秒     0      4321         -    0.00    0.00    0.00    0.00    0.00     7      0.00      0.00  166504     876   0.04     132      12  test_pthread_de
03時04分47秒     0         -      4321    0.00    0.00    0.00    0.00    0.00     7      0.00      0.00  166504     876   0.04     132      12  |__test_pthread_de
03時04分47秒     0         -      4329    0.00    0.00    0.00    0.00    0.00     1      0.00      0.00  166504     876   0.04     132      12  |__test_pthread_de
03時04分47秒     0         -      4330    0.00    0.00    0.00    0.00    0.00     3      0.00      0.00  166504     876   0.04     132      12  |__test_pthread_de

# Time        UID      TGID       TID    %usr %system  %guest   %wait    %CPU   CPU  minflt/s  majflt/s     VSZ     RSS   %MEM StkSize  StkRef  Command
03時04分48秒     0      4321         -    0.00    0.00    0.00    0.00    0.00     7      0.00      0.00  166504     876   0.04     132      12  test_pthread_de
03時04分48秒     0         -      4321    0.00    0.00    0.00    0.00    0.00     7      0.00      0.00  166504     876   0.04     132      12  |__test_pthread_de

# Time        UID      TGID       TID    %usr %system  %guest   %wait    %CPU   CPU  minflt/s  majflt/s     VSZ     RSS   %MEM StkSize  StkRef  Command
03時04分49秒     0      4321         -    0.00    0.00    0.00    0.00    0.00     7      0.00      0.00  166504     876   0.04     132      12  test_pthread_de
03時04分49秒     0         -      4321    0.00    0.00    0.00    0.00    0.00     7      0.00      0.00  166504     876   0.04     132      12  |__test_pthread_de

# Time        UID      TGID       TID    %usr %system  %guest   %wait    %CPU   CPU  minflt/s  majflt/s     VSZ     RSS   %MEM StkSize  StkRef  Command
03時04分50秒     0      4321         -    0.00    0.00    0.00    0.00    0.00     7      0.00      0.00  166504     876   0.04     132      12  test_pthread_de
03時04分50秒     0         -      4321    0.00    0.00    0.00    0.00    0.00     7      0.00      0.00  166504     876   0.04     132      12  |__test_pthread_de

# Time        UID      TGID       TID    %usr %system  %guest   %wait    %CPU   CPU  minflt/s  majflt/s     VSZ     RSS   %MEM StkSize  StkRef  Command
03時04分51秒     0      4321         -    0.00    0.00    0.00    0.00    0.00     7      0.00      0.00  166504     876   0.04     132      12  test_pthread_de
03時04分51秒     0         -      4321    0.00    0.00    0.00    0.00    0.00     7      0.00      0.00  166504     876   0.04     132      12  |__test_pthread_de

# Time        UID      TGID       TID    %usr %system  %guest   %wait    %CPU   CPU  minflt/s  majflt/s     VSZ     RSS   %MEM StkSize  StkRef  Command
03時04分52秒     0      4321         -    0.00    0.00    0.00    0.00    0.00     7      0.00      0.00  166504     876   0.04     132      12  test_pthread_de
03時04分52秒     0         -      4321    0.00    0.00    0.00    0.00    0.00     7      0.00      0.00  166504     876   0.04     132      12  |__test_pthread_de

# Time        UID      TGID       TID    %usr %system  %guest   %wait    %CPU   CPU  minflt/s  majflt/s     VSZ     RSS   %MEM StkSize  StkRef  Command
03時04分53秒     0      4321         -    0.00    0.00    0.00    0.00    0.00     7      0.00      0.00  166504     876   0.04     132      12  test_pthread_de
03時04分53秒     0         -      4321    0.00    0.00    0.00    0.00    0.00     7      0.00      0.00  166504     876   0.04     132      12  |__test_pthread_de

# Time        UID      TGID       TID    %usr %system  %guest   %wait    %CPU   CPU  minflt/s  majflt/s     VSZ     RSS   %MEM StkSize  StkRef  Command
03時04分54秒     0      4321         -    0.00    0.00    0.00    0.00    0.00     7      0.00      0.00  166504     876   0.04     132      12  test_pthread_de
03時04分54秒     0         -      4321    0.00    0.00    0.00    0.00    0.00     7      0.00      0.00  166504     876   0.04     132      12  |__test_pthread_de

# Time        UID      TGID       TID    %usr %system  %guest   %wait    %CPU   CPU  minflt/s  majflt/s     VSZ     RSS   %MEM StkSize  StkRef  Command
03時04分55秒     0      4321         -    0.00    0.00    0.00    0.00    0.00     7      0.00      0.00  166504     876   0.04     132      12  test_pthread_de
03時04分55秒     0         -      4321    0.00    0.00    0.00    0.00    0.00     7      0.00      0.00  166504     876   0.04     132      12  |__test_pthread_de

# Time        UID      TGID       TID    %usr %system  %guest   %wait    %CPU   CPU  minflt/s  majflt/s     VSZ     RSS   %MEM StkSize  StkRef  Command
03時04分56秒     0      4321         -    0.00    0.00    0.00    0.00    0.00     7      0.00      0.00  166504     876   0.04     132      12  test_pthread_de
03時04分56秒     0         -      4321    0.00    0.00    0.00    0.00    0.00     7      0.00      0.00  166504     876   0.04     132      12  |__test_pthread_de

# Time        UID      TGID       TID    %usr %system  %guest   %wait    %CPU   CPU  minflt/s  majflt/s     VSZ     RSS   %MEM StkSize  StkRef  Command
03時04分57秒     0      4321         -    0.00    0.00    0.00    0.00    0.00     7      0.00      0.00  166504     876   0.04     132      12  test_pthread_de
03時04分57秒     0         -      4321    0.00    0.00    0.00    0.00    0.00     7      0.00      0.00  166504     876   0.04     132      12  |__test_pthread_de

# Time        UID      TGID       TID    %usr %system  %guest   %wait    %CPU   CPU  minflt/s  majflt/s     VSZ     RSS   %MEM StkSize  StkRef  Command
03時04分58秒     0      4321         -    0.00    0.00    0.00    0.00    0.00     7      0.00      0.00  166504     876   0.04     132      12  test_pthread_de
03時04分58秒     0         -      4321    0.00    0.00    0.00    0.00    0.00     7      0.00      0.00  166504     876   0.04     132      12  |__test_pthread_de

# Time        UID      TGID       TID    %usr %system  %guest   %wait    %CPU   CPU  minflt/s  majflt/s     VSZ     RSS   %MEM StkSize  StkRef  Command
03時04分59秒     0      4321         -    0.00    0.00    0.00    0.00    0.00     7      0.00      0.00  166504     876   0.04     132      12  test_pthread_de
03時04分59秒     0         -      4321    0.00    0.00    0.00    0.00    0.00     7      0.00      0.00  166504     876   0.04     132      12  |__test_pthread_de

# Time        UID      TGID       TID    %usr %system  %guest   %wait    %CPU   CPU  minflt/s  majflt/s     VSZ     RSS   %MEM StkSize  StkRef  Command
03時05分00秒     0      4321         -    0.00    0.00    0.00    0.00    0.00     7      0.00      0.00  166504     876   0.04     132      12  test_pthread_de
03時05分00秒     0         -      4321    0.00    0.00    0.00    0.00    0.00     7      0.00      0.00  166504     876   0.04     132      12  |__test_pthread_de

