Linux 5.11.0-36-generic (login01-virtual-machine) 	2021年10月03日 	_x86_64_	(8 CPU)

20時37分23秒   UID      TGID       TID    %usr %system  %guest   %wait    %CPU   CPU  Command
20時37分24秒     0     12961         -    0.00    0.00    0.00    0.00    0.00     6  test_pthread_de
20時37分24秒     0         -     12961    0.00    0.00    0.00    0.00    0.00     6  |__test_pthread_de

20時37分23秒   UID      TGID       TID  minflt/s  majflt/s     VSZ     RSS   %MEM  Command
20時37分24秒     0     12961         -      0.00      0.00    2516     564   0.03  test_pthread_de
20時37分24秒     0         -     12961      0.00      0.00    2516     564   0.03  |__test_pthread_de

20時37分24秒   UID      TGID       TID    %usr %system  %guest   %wait    %CPU   CPU  Command
20時37分25秒     0     12961         -    0.00    0.00    0.00    0.00    0.00     6  test_pthread_de
20時37分25秒     0         -     12961    0.00    0.00    0.00    0.00    0.00     6  |__test_pthread_de

20時37分24秒   UID      TGID       TID  minflt/s  majflt/s     VSZ     RSS   %MEM  Command
20時37分25秒     0     12961         -      0.00      0.00    2516     564   0.03  test_pthread_de
20時37分25秒     0         -     12961      0.00      0.00    2516     564   0.03  |__test_pthread_de

20時37分25秒   UID      TGID       TID    %usr %system  %guest   %wait    %CPU   CPU  Command
20時37分26秒     0     12961         -    0.00    0.00    0.00    0.00    0.00     6  test_pthread_de
20時37分26秒     0         -     12961    0.00    0.00    0.00    0.00    0.00     6  |__test_pthread_de

20時37分25秒   UID      TGID       TID  minflt/s  majflt/s     VSZ     RSS   %MEM  Command
20時37分26秒     0     12961         -      0.00      0.00    2516     564   0.03  test_pthread_de
20時37分26秒     0         -     12961      0.00      0.00    2516     564   0.03  |__test_pthread_de

20時37分26秒   UID      TGID       TID    %usr %system  %guest   %wait    %CPU   CPU  Command
20時37分27秒     0     12961         -    0.00    0.00    0.00    0.00    0.00     6  test_pthread_de
20時37分27秒     0         -     12961    0.00    0.00    0.00    0.00    0.00     6  |__test_pthread_de

20時37分26秒   UID      TGID       TID  minflt/s  majflt/s     VSZ     RSS   %MEM  Command
20時37分27秒     0     12961         -      0.00      0.00    2516     564   0.03  test_pthread_de
20時37分27秒     0         -     12961      0.00      0.00    2516     564   0.03  |__test_pthread_de

20時37分27秒   UID      TGID       TID    %usr %system  %guest   %wait    %CPU   CPU  Command
20時37分28秒     0     12961         -    0.00    0.00    0.00    0.00    0.00     6  test_pthread_de
20時37分28秒     0         -     12961    0.00    0.00    0.00    0.00    0.00     6  |__test_pthread_de

20時37分27秒   UID      TGID       TID  minflt/s  majflt/s     VSZ     RSS   %MEM  Command
20時37分28秒     0     12961         -      0.00      0.00    2516     564   0.03  test_pthread_de
20時37分28秒     0         -     12961      0.00      0.00    2516     564   0.03  |__test_pthread_de

20時37分28秒   UID      TGID       TID    %usr %system  %guest   %wait    %CPU   CPU  Command
20時37分29秒     0     12961         -    0.00    0.00    0.00    0.00    0.00     6  test_pthread_de
20時37分29秒     0         -     12961    0.00    0.00    0.00    0.00    0.00     6  |__test_pthread_de
20時37分29秒     0         -     12963    0.00    0.00    0.00    0.00    0.00     0  |__test_pthread_de

20時37分28秒   UID      TGID       TID  minflt/s  majflt/s     VSZ     RSS   %MEM  Command
20時37分29秒     0     12961         -     10.00      0.00   76380     564   0.03  test_pthread_de
20時37分29秒     0         -     12961      5.00      0.00   76380     564   0.03  |__test_pthread_de
20時37分29秒     0         -     12963      5.00      0.00   76380     564   0.03  |__test_pthread_de

20時37分29秒   UID      TGID       TID    %usr %system  %guest   %wait    %CPU   CPU  Command
20時37分30秒     0     12961         -    0.00    0.00    0.00    0.00    0.00     6  test_pthread_de
20時37分30秒     0         -     12961    0.00    0.00    0.00    0.00    0.00     6  |__test_pthread_de
20時37分30秒     0         -     12963    0.00    0.00    0.00    0.00    0.00     0  |__test_pthread_de

20時37分29秒   UID      TGID       TID  minflt/s  majflt/s     VSZ     RSS   %MEM  Command
20時37分30秒     0     12961         -      0.00      0.00   76380     564   0.03  test_pthread_de
20時37分30秒     0         -     12961      0.00      0.00   76380     564   0.03  |__test_pthread_de
20時37分30秒     0         -     12963      0.00      0.00   76380     564   0.03  |__test_pthread_de

20時37分30秒   UID      TGID       TID    %usr %system  %guest   %wait    %CPU   CPU  Command
20時37分31秒     0     12961         -    0.00    0.00    0.00    0.00    0.00     6  test_pthread_de
20時37分31秒     0         -     12961    0.00    0.00    0.00    0.00    0.00     6  |__test_pthread_de

20時37分30秒   UID      TGID       TID  minflt/s  majflt/s     VSZ     RSS   %MEM  Command
20時37分31秒     0     12961         -      2.00      0.00   76380     892   0.04  test_pthread_de
20時37分31秒     0         -     12961      0.00      0.00   76380     892   0.04  |__test_pthread_de

20時37分31秒   UID      TGID       TID    %usr %system  %guest   %wait    %CPU   CPU  Command
20時37分32秒     0     12961         -    0.00    0.00    0.00    0.00    0.00     6  test_pthread_de
20時37分32秒     0         -     12961    0.00    0.00    0.00    0.00    0.00     6  |__test_pthread_de

20時37分31秒   UID      TGID       TID  minflt/s  majflt/s     VSZ     RSS   %MEM  Command
20時37分32秒     0     12961         -      0.00      0.00   76380     892   0.04  test_pthread_de
20時37分32秒     0         -     12961      0.00      0.00   76380     892   0.04  |__test_pthread_de

20時37分32秒   UID      TGID       TID    %usr %system  %guest   %wait    %CPU   CPU  Command
20時37分33秒     0     12961         -    0.00    0.00    0.00    0.00    0.00     6  test_pthread_de
20時37分33秒     0         -     12961    0.00    0.00    0.00    0.00    0.00     6  |__test_pthread_de
20時37分33秒     0         -     12964    0.00    0.00    0.00    0.00    0.00     0  |__test_pthread_de

20時37分32秒   UID      TGID       TID  minflt/s  majflt/s     VSZ     RSS   %MEM  Command
20時37分33秒     0     12961         -      0.00      0.00   76380     892   0.04  test_pthread_de
20時37分33秒     0         -     12961      0.00      0.00   76380     892   0.04  |__test_pthread_de
20時37分33秒     0         -     12964      0.00      0.00   76380     892   0.04  |__test_pthread_de

20時37分33秒   UID      TGID       TID    %usr %system  %guest   %wait    %CPU   CPU  Command
20時37分34秒     0     12961         -    0.00    0.00    0.00    0.00    0.00     6  test_pthread_de
20時37分34秒     0         -     12961    0.00    0.00    0.00    0.00    0.00     6  |__test_pthread_de
20時37分34秒     0         -     12964    0.00    0.00    0.00    0.00    0.00     0  |__test_pthread_de

20時37分33秒   UID      TGID       TID  minflt/s  majflt/s     VSZ     RSS   %MEM  Command
20時37分34秒     0     12961         -      0.00      0.00   76380     892   0.04  test_pthread_de
20時37分34秒     0         -     12961      0.00      0.00   76380     892   0.04  |__test_pthread_de
20時37分34秒     0         -     12964      0.00      0.00   76380     892   0.04  |__test_pthread_de

20時37分34秒   UID      TGID       TID    %usr %system  %guest   %wait    %CPU   CPU  Command
20時37分35秒     0     12961         -    0.00    0.00    0.00    0.00    0.00     6  test_pthread_de
20時37分35秒     0         -     12961    0.00    0.00    0.00    0.00    0.00     6  |__test_pthread_de

20時37分34秒   UID      TGID       TID  minflt/s  majflt/s     VSZ     RSS   %MEM  Command
20時37分35秒     0     12961         -      0.00      0.00   76380     892   0.04  test_pthread_de
20時37分35秒     0         -     12961      0.00      0.00   76380     892   0.04  |__test_pthread_de

20時37分35秒   UID      TGID       TID    %usr %system  %guest   %wait    %CPU   CPU  Command
20時37分36秒     0     12961         -    0.00    0.00    0.00    0.00    0.00     6  test_pthread_de
20時37分36秒     0         -     12961    0.00    0.00    0.00    0.00    0.00     6  |__test_pthread_de

20時37分35秒   UID      TGID       TID  minflt/s  majflt/s     VSZ     RSS   %MEM  Command
20時37分36秒     0     12961         -      0.00      0.00   76380     892   0.04  test_pthread_de
20時37分36秒     0         -     12961      0.00      0.00   76380     892   0.04  |__test_pthread_de

20時37分36秒   UID      TGID       TID    %usr %system  %guest   %wait    %CPU   CPU  Command
20時37分37秒     0     12961         -    0.00    0.00    0.00    0.00    0.00     6  test_pthread_de
20時37分37秒     0         -     12961    0.00    0.00    0.00    0.00    0.00     6  |__test_pthread_de
20時37分37秒     0         -     12965    0.00    0.00    0.00    0.00    0.00     0  |__test_pthread_de

20時37分36秒   UID      TGID       TID  minflt/s  majflt/s     VSZ     RSS   %MEM  Command
20時37分37秒     0     12961         -      0.00      0.00   76380     892   0.04  test_pthread_de
20時37分37秒     0         -     12961      0.00      0.00   76380     892   0.04  |__test_pthread_de
20時37分37秒     0         -     12965      0.00      0.00   76380     892   0.04  |__test_pthread_de

20時37分37秒   UID      TGID       TID    %usr %system  %guest   %wait    %CPU   CPU  Command
20時37分38秒     0     12961         -    0.00    0.00    0.00    0.00    0.00     6  test_pthread_de
20時37分38秒     0         -     12961    0.00    0.00    0.00    0.00    0.00     6  |__test_pthread_de
20時37分38秒     0         -     12965    0.00    0.00    0.00    0.00    0.00     0  |__test_pthread_de

20時37分37秒   UID      TGID       TID  minflt/s  majflt/s     VSZ     RSS   %MEM  Command
20時37分38秒     0     12961         -      0.00      0.00   76380     892   0.04  test_pthread_de
20時37分38秒     0         -     12961      0.00      0.00   76380     892   0.04  |__test_pthread_de
20時37分38秒     0         -     12965      0.00      0.00   76380     892   0.04  |__test_pthread_de

20時37分38秒   UID      TGID       TID    %usr %system  %guest   %wait    %CPU   CPU  Command
20時37分39秒     0     12961         -    0.00    0.00    0.00    0.00    0.00     6  test_pthread_de
20時37分39秒     0         -     12961    0.00    0.00    0.00    0.00    0.00     6  |__test_pthread_de

20時37分38秒   UID      TGID       TID  minflt/s  majflt/s     VSZ     RSS   %MEM  Command
20時37分39秒     0     12961         -      0.00      0.00   76380     892   0.04  test_pthread_de
20時37分39秒     0         -     12961      0.00      0.00   76380     892   0.04  |__test_pthread_de

20時37分39秒   UID      TGID       TID    %usr %system  %guest   %wait    %CPU   CPU  Command
20時37分40秒     0     12961         -    0.00    0.00    0.00    0.00    0.00     6  test_pthread_de
20時37分40秒     0         -     12961    0.00    0.00    0.00    0.00    0.00     6  |__test_pthread_de

20時37分39秒   UID      TGID       TID  minflt/s  majflt/s     VSZ     RSS   %MEM  Command
20時37分40秒     0     12961         -      0.00      0.00   76380     892   0.04  test_pthread_de
20時37分40秒     0         -     12961      0.00      0.00   76380     892   0.04  |__test_pthread_de

20時37分40秒   UID      TGID       TID    %usr %system  %guest   %wait    %CPU   CPU  Command
20時37分41秒     0     12961         -    0.00    0.00    0.00    0.00    0.00     6  test_pthread_de
20時37分41秒     0         -     12961    0.00    0.00    0.00    0.00    0.00     6  |__test_pthread_de
20時37分41秒     0         -     12966    0.00    0.00    0.00    0.00    0.00     7  |__test_pthread_de

20時37分40秒   UID      TGID       TID  minflt/s  majflt/s     VSZ     RSS   %MEM  Command
20時37分41秒     0     12961         -      0.00      0.00   76380     892   0.04  test_pthread_de
20時37分41秒     0         -     12961      0.00      0.00   76380     892   0.04  |__test_pthread_de
20時37分41秒     0         -     12966      0.00      0.00   76380     892   0.04  |__test_pthread_de

20時37分41秒   UID      TGID       TID    %usr %system  %guest   %wait    %CPU   CPU  Command
20時37分42秒     0     12961         -    0.00    0.00    0.00    0.00    0.00     6  test_pthread_de
20時37分42秒     0         -     12961    0.00    0.00    0.00    0.00    0.00     6  |__test_pthread_de
20時37分42秒     0         -     12966    0.00    0.00    0.00    0.00    0.00     7  |__test_pthread_de

20時37分41秒   UID      TGID       TID  minflt/s  majflt/s     VSZ     RSS   %MEM  Command
20時37分42秒     0     12961         -      0.00      0.00   76380     892   0.04  test_pthread_de
20時37分42秒     0         -     12961      0.00      0.00   76380     892   0.04  |__test_pthread_de
20時37分42秒     0         -     12966      0.00      0.00   76380     892   0.04  |__test_pthread_de

20時37分42秒   UID      TGID       TID    %usr %system  %guest   %wait    %CPU   CPU  Command
20時37分43秒     0     12961         -    0.00    0.00    0.00    0.00    0.00     6  test_pthread_de
20時37分43秒     0         -     12961    0.00    0.00    0.00    0.00    0.00     6  |__test_pthread_de

20時37分42秒   UID      TGID       TID  minflt/s  majflt/s     VSZ     RSS   %MEM  Command
20時37分43秒     0     12961         -      0.00      0.00   76380     892   0.04  test_pthread_de
20時37分43秒     0         -     12961      0.00      0.00   76380     892   0.04  |__test_pthread_de

20時37分43秒   UID      TGID       TID    %usr %system  %guest   %wait    %CPU   CPU  Command
20時37分44秒     0     12961         -    0.00    0.00    0.00    0.00    0.00     6  test_pthread_de
20時37分44秒     0         -     12961    0.00    0.00    0.00    0.00    0.00     6  |__test_pthread_de

20時37分43秒   UID      TGID       TID  minflt/s  majflt/s     VSZ     RSS   %MEM  Command
20時37分44秒     0     12961         -      0.00      0.00   76380     892   0.04  test_pthread_de
20時37分44秒     0         -     12961      0.00      0.00   76380     892   0.04  |__test_pthread_de

20時37分44秒   UID      TGID       TID    %usr %system  %guest   %wait    %CPU   CPU  Command
20時37分45秒     0     12961         -    0.00    0.00    0.00    0.00    0.00     6  test_pthread_de
20時37分45秒     0         -     12961    0.00    0.00    0.00    0.00    0.00     6  |__test_pthread_de
20時37分45秒     0         -     12967    0.00    0.00    0.00    0.00    0.00     7  |__test_pthread_de

20時37分44秒   UID      TGID       TID  minflt/s  majflt/s     VSZ     RSS   %MEM  Command
20時37分45秒     0     12961         -      0.00      0.00   76380     892   0.04  test_pthread_de
20時37分45秒     0         -     12961      0.00      0.00   76380     892   0.04  |__test_pthread_de
20時37分45秒     0         -     12967      0.00      0.00   76380     892   0.04  |__test_pthread_de

20時37分45秒   UID      TGID       TID    %usr %system  %guest   %wait    %CPU   CPU  Command
20時37分46秒     0     12961         -    0.00    0.00    0.00    0.00    0.00     6  test_pthread_de
20時37分46秒     0         -     12961    0.00    0.00    0.00    0.00    0.00     6  |__test_pthread_de
20時37分46秒     0         -     12967    0.00    0.00    0.00    0.00    0.00     7  |__test_pthread_de

20時37分45秒   UID      TGID       TID  minflt/s  majflt/s     VSZ     RSS   %MEM  Command
20時37分46秒     0     12961         -      0.00      0.00   76380     892   0.04  test_pthread_de
20時37分46秒     0         -     12961      0.00      0.00   76380     892   0.04  |__test_pthread_de
20時37分46秒     0         -     12967      0.00      0.00   76380     892   0.04  |__test_pthread_de

20時37分46秒   UID      TGID       TID    %usr %system  %guest   %wait    %CPU   CPU  Command
20時37分47秒     0     12961         -    0.00    0.00    0.00    0.00    0.00     6  test_pthread_de
20時37分47秒     0         -     12961    0.00    0.00    0.00    0.00    0.00     6  |__test_pthread_de

20時37分46秒   UID      TGID       TID  minflt/s  majflt/s     VSZ     RSS   %MEM  Command
20時37分47秒     0     12961         -      0.00      0.00   76380     892   0.04  test_pthread_de
20時37分47秒     0         -     12961      0.00      0.00   76380     892   0.04  |__test_pthread_de

20時37分47秒   UID      TGID       TID    %usr %system  %guest   %wait    %CPU   CPU  Command
20時37分48秒     0     12961         -    0.00    0.00    0.00    0.00    0.00     6  test_pthread_de
20時37分48秒     0         -     12961    0.00    0.00    0.00    0.00    0.00     6  |__test_pthread_de

20時37分47秒   UID      TGID       TID  minflt/s  majflt/s     VSZ     RSS   %MEM  Command
20時37分48秒     0     12961         -      0.00      0.00   76380     892   0.04  test_pthread_de
20時37分48秒     0         -     12961      0.00      0.00   76380     892   0.04  |__test_pthread_de

20時37分48秒   UID      TGID       TID    %usr %system  %guest   %wait    %CPU   CPU  Command
20時37分49秒     0     12961         -    0.00    0.00    0.00    0.00    0.00     6  test_pthread_de
20時37分49秒     0         -     12961    0.00    0.00    0.00    0.00    0.00     6  |__test_pthread_de
20時37分49秒     0         -     12968    0.00    0.00    0.00    0.00    0.00     0  |__test_pthread_de

20時37分48秒   UID      TGID       TID  minflt/s  majflt/s     VSZ     RSS   %MEM  Command
20時37分49秒     0     12961         -      0.00      0.00   76380     892   0.04  test_pthread_de
20時37分49秒     0         -     12961      0.00      0.00   76380     892   0.04  |__test_pthread_de
20時37分49秒     0         -     12968      0.00      0.00   76380     892   0.04  |__test_pthread_de

20時37分49秒   UID      TGID       TID    %usr %system  %guest   %wait    %CPU   CPU  Command
20時37分50秒     0     12961         -    0.00    0.00    0.00    0.00    0.00     6  test_pthread_de
20時37分50秒     0         -     12961    0.00    0.00    0.00    0.00    0.00     6  |__test_pthread_de
20時37分50秒     0         -     12968    0.00    0.00    0.00    0.00    0.00     0  |__test_pthread_de

20時37分49秒   UID      TGID       TID  minflt/s  majflt/s     VSZ     RSS   %MEM  Command
20時37分50秒     0     12961         -      0.00      0.00   76380     892   0.04  test_pthread_de
20時37分50秒     0         -     12961      0.00      0.00   76380     892   0.04  |__test_pthread_de
20時37分50秒     0         -     12968      0.00      0.00   76380     892   0.04  |__test_pthread_de

20時37分50秒   UID      TGID       TID    %usr %system  %guest   %wait    %CPU   CPU  Command
20時37分51秒     0     12961         -    0.00    0.00    0.00    0.00    0.00     6  test_pthread_de
20時37分51秒     0         -     12961    0.00    0.00    0.00    0.00    0.00     6  |__test_pthread_de

20時37分50秒   UID      TGID       TID  minflt/s  majflt/s     VSZ     RSS   %MEM  Command
20時37分51秒     0     12961         -      0.00      0.00   76380     892   0.04  test_pthread_de
20時37分51秒     0         -     12961      0.00      0.00   76380     892   0.04  |__test_pthread_de

20時37分51秒   UID      TGID       TID    %usr %system  %guest   %wait    %CPU   CPU  Command
20時37分52秒     0     12961         -    0.00    0.00    0.00    0.00    0.00     6  test_pthread_de
20時37分52秒     0         -     12961    0.00    0.00    0.00    0.00    0.00     6  |__test_pthread_de

20時37分51秒   UID      TGID       TID  minflt/s  majflt/s     VSZ     RSS   %MEM  Command
20時37分52秒     0     12961         -      0.00      0.00   76380     892   0.04  test_pthread_de
20時37分52秒     0         -     12961      0.00      0.00   76380     892   0.04  |__test_pthread_de

20時37分52秒   UID      TGID       TID    %usr %system  %guest   %wait    %CPU   CPU  Command
20時37分53秒     0     12961         -    0.00    0.00    0.00    0.00    0.00     6  test_pthread_de
20時37分53秒     0         -     12961    0.00    0.00    0.00    0.00    0.00     6  |__test_pthread_de

20時37分52秒   UID      TGID       TID  minflt/s  majflt/s     VSZ     RSS   %MEM  Command
20時37分53秒     0     12961         -      0.00      0.00   76380     892   0.04  test_pthread_de
20時37分53秒     0         -     12961      0.00      0.00   76380     892   0.04  |__test_pthread_de

20時37分53秒   UID      TGID       TID    %usr %system  %guest   %wait    %CPU   CPU  Command
20時37分54秒     0     12961         -    0.00    0.00    0.00    0.00    0.00     6  test_pthread_de
20時37分54秒     0         -     12961    0.00    0.00    0.00    0.00    0.00     6  |__test_pthread_de
20時37分54秒     0         -     12969    0.00    0.00    0.00    0.00    0.00     0  |__test_pthread_de
20時37分54秒     0         -     12970    0.00    0.00    0.00    0.00    0.00     1  |__test_pthread_de

20時37分53秒   UID      TGID       TID  minflt/s  majflt/s     VSZ     RSS   %MEM  Command
20時37分54秒     0     12961         -      2.00      0.00   84576     892   0.04  test_pthread_de
20時37分54秒     0         -     12961      2.00      0.00   84576     892   0.04  |__test_pthread_de
20時37分54秒     0         -     12969      0.00      0.00   84576     892   0.04  |__test_pthread_de
20時37分54秒     0         -     12970      0.00      0.00   84576     892   0.04  |__test_pthread_de

20時37分54秒   UID      TGID       TID    %usr %system  %guest   %wait    %CPU   CPU  Command
20時37分55秒     0     12961         -    0.00    0.00    0.00    0.00    0.00     6  test_pthread_de
20時37分55秒     0         -     12961    0.00    0.00    0.00    0.00    0.00     6  |__test_pthread_de
20時37分55秒     0         -     12969    0.00    0.00    0.00    0.00    0.00     0  |__test_pthread_de
20時37分55秒     0         -     12970    0.00    0.00    0.00    0.00    0.00     1  |__test_pthread_de

20時37分54秒   UID      TGID       TID  minflt/s  majflt/s     VSZ     RSS   %MEM  Command
20時37分55秒     0     12961         -      0.00      0.00   84576     892   0.04  test_pthread_de
20時37分55秒     0         -     12961      0.00      0.00   84576     892   0.04  |__test_pthread_de
20時37分55秒     0         -     12969      0.00      0.00   84576     892   0.04  |__test_pthread_de
20時37分55秒     0         -     12970      0.00      0.00   84576     892   0.04  |__test_pthread_de

20時37分55秒   UID      TGID       TID    %usr %system  %guest   %wait    %CPU   CPU  Command
20時37分56秒     0     12961         -    0.00    0.00    0.00    0.00    0.00     6  test_pthread_de
20時37分56秒     0         -     12961    0.00    0.00    0.00    0.00    0.00     6  |__test_pthread_de

20時37分55秒   UID      TGID       TID  minflt/s  majflt/s     VSZ     RSS   %MEM  Command
20時37分56秒     0     12961         -      0.00      0.00   84576     892   0.04  test_pthread_de
20時37分56秒     0         -     12961      0.00      0.00   84576     892   0.04  |__test_pthread_de

20時37分56秒   UID      TGID       TID    %usr %system  %guest   %wait    %CPU   CPU  Command
20時37分57秒     0     12961         -    0.00    0.00    0.00    0.00    0.00     6  test_pthread_de
20時37分57秒     0         -     12961    0.00    0.00    0.00    0.00    0.00     6  |__test_pthread_de

20時37分56秒   UID      TGID       TID  minflt/s  majflt/s     VSZ     RSS   %MEM  Command
20時37分57秒     0     12961         -      0.00      0.00   84576     892   0.04  test_pthread_de
20時37分57秒     0         -     12961      0.00      0.00   84576     892   0.04  |__test_pthread_de

20時37分57秒   UID      TGID       TID    %usr %system  %guest   %wait    %CPU   CPU  Command
20時37分58秒     0     12961         -    0.00    0.00    0.00    0.00    0.00     6  test_pthread_de
20時37分58秒     0         -     12961    0.00    0.00    0.00    0.00    0.00     6  |__test_pthread_de

20時37分57秒   UID      TGID       TID  minflt/s  majflt/s     VSZ     RSS   %MEM  Command
20時37分58秒     0     12961         -      0.00      0.00   84576     892   0.04  test_pthread_de
20時37分58秒     0         -     12961      0.00      0.00   84576     892   0.04  |__test_pthread_de

20時37分58秒   UID      TGID       TID    %usr %system  %guest   %wait    %CPU   CPU  Command

20時37分58秒   UID      TGID       TID  minflt/s  majflt/s     VSZ     RSS   %MEM  Command
