Linux 5.11.0-36-generic (login01-virtual-machine) 	2021年10月03日 	_x86_64_	(8 CPU)

14時18分32秒   UID      TGID       TID    %usr %system  %guest   %wait    %CPU   CPU  Command
14時18分33秒     0      9411         -    0.00    0.00    0.00    0.00    0.00     4  test_pthread
14時18分33秒     0         -      9411    0.00    0.00    0.00    0.00    0.00     4  |__test_pthread

14時18分32秒   UID      TGID       TID  minflt/s  majflt/s     VSZ     RSS   %MEM  Command
14時18分33秒     0      9411         -      0.00      0.00    2516     628   0.03  test_pthread
14時18分33秒     0         -      9411      0.00      0.00    2516     628   0.03  |__test_pthread

14時18分32秒   UID      TGID       TID StkSize  StkRef  Command
14時18分33秒     0      9411         -     132      12  test_pthread
14時18分33秒     0         -      9411     132      12  |__test_pthread

14時18分33秒   UID      TGID       TID    %usr %system  %guest   %wait    %CPU   CPU  Command
14時18分34秒     0      9411         -    0.00    0.00    0.00    0.00    0.00     4  test_pthread
14時18分34秒     0         -      9411    0.00    0.00    0.00    0.00    0.00     4  |__test_pthread

14時18分33秒   UID      TGID       TID  minflt/s  majflt/s     VSZ     RSS   %MEM  Command
14時18分34秒     0      9411         -      0.00      0.00    2516     628   0.03  test_pthread
14時18分34秒     0         -      9411      0.00      0.00    2516     628   0.03  |__test_pthread

14時18分33秒   UID      TGID       TID StkSize  StkRef  Command
14時18分34秒     0      9411         -     132      12  test_pthread
14時18分34秒     0         -      9411     132      12  |__test_pthread

14時18分34秒   UID      TGID       TID    %usr %system  %guest   %wait    %CPU   CPU  Command
14時18分35秒     0      9411         -    0.00    0.00    0.00    0.00    0.00     4  test_pthread
14時18分35秒     0         -      9411    0.00    0.00    0.00    0.00    0.00     4  |__test_pthread

14時18分34秒   UID      TGID       TID  minflt/s  majflt/s     VSZ     RSS   %MEM  Command
14時18分35秒     0      9411         -      0.00      0.00    2516     628   0.03  test_pthread
14時18分35秒     0         -      9411      0.00      0.00    2516     628   0.03  |__test_pthread

14時18分34秒   UID      TGID       TID StkSize  StkRef  Command
14時18分35秒     0      9411         -     132      12  test_pthread
14時18分35秒     0         -      9411     132      12  |__test_pthread

14時18分35秒   UID      TGID       TID    %usr %system  %guest   %wait    %CPU   CPU  Command
14時18分36秒     0      9411         -    0.00    0.00    0.00    0.00    0.00     4  test_pthread
14時18分36秒     0         -      9411    0.00    0.00    0.00    0.00    0.00     4  |__test_pthread

14時18分35秒   UID      TGID       TID  minflt/s  majflt/s     VSZ     RSS   %MEM  Command
14時18分36秒     0      9411         -      0.00      0.00    2516     628   0.03  test_pthread
14時18分36秒     0         -      9411      0.00      0.00    2516     628   0.03  |__test_pthread

14時18分35秒   UID      TGID       TID StkSize  StkRef  Command
14時18分36秒     0      9411         -     132      12  test_pthread
14時18分36秒     0         -      9411     132      12  |__test_pthread

14時18分36秒   UID      TGID       TID    %usr %system  %guest   %wait    %CPU   CPU  Command
14時18分37秒     0      9411         -    0.00    0.00    0.00    0.00    0.00     4  test_pthread
14時18分37秒     0         -      9411    0.00    0.00    0.00    0.00    0.00     4  |__test_pthread

14時18分36秒   UID      TGID       TID  minflt/s  majflt/s     VSZ     RSS   %MEM  Command
14時18分37秒     0      9411         -      0.00      0.00    2516     628   0.03  test_pthread
14時18分37秒     0         -      9411      0.00      0.00    2516     628   0.03  |__test_pthread

14時18分36秒   UID      TGID       TID StkSize  StkRef  Command
14時18分37秒     0      9411         -     132      12  test_pthread
14時18分37秒     0         -      9411     132      12  |__test_pthread

14時18分37秒   UID      TGID       TID    %usr %system  %guest   %wait    %CPU   CPU  Command
14時18分38秒     0      9411         -    0.00    0.00    0.00    0.00    0.00     4  test_pthread
14時18分38秒     0         -      9411    0.00    0.00    0.00    0.00    0.00     4  |__test_pthread

14時18分37秒   UID      TGID       TID  minflt/s  majflt/s     VSZ     RSS   %MEM  Command
14時18分38秒     0      9411         -      0.00      0.00    2516     628   0.03  test_pthread
14時18分38秒     0         -      9411      0.00      0.00    2516     628   0.03  |__test_pthread

14時18分37秒   UID      TGID       TID StkSize  StkRef  Command
14時18分38秒     0      9411         -     132      12  test_pthread
14時18分38秒     0         -      9411     132      12  |__test_pthread

14時18分38秒   UID      TGID       TID    %usr %system  %guest   %wait    %CPU   CPU  Command
14時18分39秒     0      9411         -    0.00    0.00    0.00    0.00    0.00     4  test_pthread
14時18分39秒     0         -      9411    0.00    0.00    0.00    0.00    0.00     4  |__test_pthread
14時18分39秒     0         -      9413    0.00    0.00    0.00    0.00    0.00     6  |__test_pthread
14時18分39秒     0         -      9414    0.00    0.00    0.00    0.00    0.00     7  |__test_pthread
14時18分39秒     0         -      9415    0.00    0.00    0.00    0.00    0.00     0  |__test_pthread
14時18分39秒     0         -      9416    0.00    0.00    0.00    0.00    0.00     5  |__test_pthread
14時18分39秒     0         -      9417    0.00    0.00    0.00    0.00    0.00     3  |__test_pthread
14時18分39秒     0         -      9418    0.00    0.00    0.00    0.00    0.00     1  |__test_pthread

14時18分38秒   UID      TGID       TID  minflt/s  majflt/s     VSZ     RSS   %MEM  Command
14時18分39秒     0      9411         -     18.00      0.00  117360     628   0.03  test_pthread
14時18分39秒     0         -      9411     14.00      0.00  117360     628   0.03  |__test_pthread
14時18分39秒     0         -      9413      4.00      0.00  117360     628   0.03  |__test_pthread
14時18分39秒     0         -      9414      0.00      0.00  117360     628   0.03  |__test_pthread
14時18分39秒     0         -      9415      0.00      0.00  117360     628   0.03  |__test_pthread
14時18分39秒     0         -      9416      0.00      0.00  117360     628   0.03  |__test_pthread
14時18分39秒     0         -      9417      0.00      0.00  117360     628   0.03  |__test_pthread
14時18分39秒     0         -      9418      0.00      0.00  117360     628   0.03  |__test_pthread

14時18分38秒   UID      TGID       TID StkSize  StkRef  Command
14時18分39秒     0      9411         -     132      12  test_pthread
14時18分39秒     0         -      9411     132      12  |__test_pthread
14時18分39秒     0         -      9413     132      12  |__test_pthread
14時18分39秒     0         -      9414     132      12  |__test_pthread
14時18分39秒     0         -      9415     132      12  |__test_pthread
14時18分39秒     0         -      9416     132      12  |__test_pthread
14時18分39秒     0         -      9417     132      12  |__test_pthread
14時18分39秒     0         -      9418     132      12  |__test_pthread

14時18分39秒   UID      TGID       TID    %usr %system  %guest   %wait    %CPU   CPU  Command
14時18分40秒     0      9411         -    0.00    0.00    0.00    0.00    0.00     4  test_pthread
14時18分40秒     0         -      9411    0.00    0.00    0.00    0.00    0.00     4  |__test_pthread
14時18分40秒     0         -      9413    0.00    0.00    0.00    0.00    0.00     6  |__test_pthread
14時18分40秒     0         -      9414    0.00    0.00    0.00    0.00    0.00     7  |__test_pthread
14時18分40秒     0         -      9415    0.00    0.00    0.00    0.00    0.00     0  |__test_pthread
14時18分40秒     0         -      9416    0.00    0.00    0.00    0.00    0.00     5  |__test_pthread
14時18分40秒     0         -      9417    0.00    0.00    0.00    0.00    0.00     3  |__test_pthread
14時18分40秒     0         -      9418    0.00    0.00    0.00    0.00    0.00     1  |__test_pthread

14時18分39秒   UID      TGID       TID  minflt/s  majflt/s     VSZ     RSS   %MEM  Command
14時18分40秒     0      9411         -      0.00      0.00  117360     628   0.03  test_pthread
14時18分40秒     0         -      9411      0.00      0.00  117360     628   0.03  |__test_pthread
14時18分40秒     0         -      9413      0.00      0.00  117360     628   0.03  |__test_pthread
14時18分40秒     0         -      9414      0.00      0.00  117360     628   0.03  |__test_pthread
14時18分40秒     0         -      9415      0.00      0.00  117360     628   0.03  |__test_pthread
14時18分40秒     0         -      9416      0.00      0.00  117360     628   0.03  |__test_pthread
14時18分40秒     0         -      9417      0.00      0.00  117360     628   0.03  |__test_pthread
14時18分40秒     0         -      9418      0.00      0.00  117360     628   0.03  |__test_pthread

14時18分39秒   UID      TGID       TID StkSize  StkRef  Command
14時18分40秒     0      9411         -     132      12  test_pthread
14時18分40秒     0         -      9411     132      12  |__test_pthread
14時18分40秒     0         -      9413     132      12  |__test_pthread
14時18分40秒     0         -      9414     132      12  |__test_pthread
14時18分40秒     0         -      9415     132      12  |__test_pthread
14時18分40秒     0         -      9416     132      12  |__test_pthread
14時18分40秒     0         -      9417     132      12  |__test_pthread
14時18分40秒     0         -      9418     132      12  |__test_pthread

14時18分40秒   UID      TGID       TID    %usr %system  %guest   %wait    %CPU   CPU  Command
14時18分41秒     0      9411         -    0.00    0.00    0.00    0.00    0.00     4  test_pthread
14時18分41秒     0         -      9411    0.00    0.00    0.00    0.00    0.00     4  |__test_pthread
14時18分41秒     0         -      9413    0.00    0.00    0.00    0.00    0.00     6  |__test_pthread
14時18分41秒     0         -      9414    0.00    0.00    0.00    0.00    0.00     7  |__test_pthread
14時18分41秒     0         -      9415    0.00    0.00    0.00    0.00    0.00     0  |__test_pthread
14時18分41秒     0         -      9416    0.00    0.00    0.00    0.00    0.00     5  |__test_pthread
14時18分41秒     0         -      9417    0.00    0.00    0.00    0.00    0.00     3  |__test_pthread
14時18分41秒     0         -      9418    0.00    0.00    0.00    0.00    0.00     1  |__test_pthread

14時18分40秒   UID      TGID       TID  minflt/s  majflt/s     VSZ     RSS   %MEM  Command
14時18分41秒     0      9411         -      0.00      0.00  117360     628   0.03  test_pthread
14時18分41秒     0         -      9411      0.00      0.00  117360     628   0.03  |__test_pthread
14時18分41秒     0         -      9413      0.00      0.00  117360     628   0.03  |__test_pthread
14時18分41秒     0         -      9414      0.00      0.00  117360     628   0.03  |__test_pthread
14時18分41秒     0         -      9415      0.00      0.00  117360     628   0.03  |__test_pthread
14時18分41秒     0         -      9416      0.00      0.00  117360     628   0.03  |__test_pthread
14時18分41秒     0         -      9417      0.00      0.00  117360     628   0.03  |__test_pthread
14時18分41秒     0         -      9418      0.00      0.00  117360     628   0.03  |__test_pthread

14時18分40秒   UID      TGID       TID StkSize  StkRef  Command
14時18分41秒     0      9411         -     132      12  test_pthread
14時18分41秒     0         -      9411     132      12  |__test_pthread
14時18分41秒     0         -      9413     132      12  |__test_pthread
14時18分41秒     0         -      9414     132      12  |__test_pthread
14時18分41秒     0         -      9415     132      12  |__test_pthread
14時18分41秒     0         -      9416     132      12  |__test_pthread
14時18分41秒     0         -      9417     132      12  |__test_pthread
14時18分41秒     0         -      9418     132      12  |__test_pthread

14時18分41秒   UID      TGID       TID    %usr %system  %guest   %wait    %CPU   CPU  Command
14時18分42秒     0      9411         -    0.00    0.00    0.00    0.00    0.00     4  test_pthread
14時18分42秒     0         -      9411    0.00    0.00    0.00    0.00    0.00     4  |__test_pthread
14時18分42秒     0         -      9413    0.00    0.00    0.00    0.00    0.00     6  |__test_pthread
14時18分42秒     0         -      9414    0.00    0.00    0.00    0.00    0.00     7  |__test_pthread
14時18分42秒     0         -      9415    0.00    0.00    0.00    0.00    0.00     0  |__test_pthread
14時18分42秒     0         -      9416    0.00    0.00    0.00    0.00    0.00     5  |__test_pthread
14時18分42秒     0         -      9417    0.00    0.00    0.00    0.00    0.00     3  |__test_pthread
14時18分42秒     0         -      9418    0.00    0.00    0.00    0.00    0.00     1  |__test_pthread

14時18分41秒   UID      TGID       TID  minflt/s  majflt/s     VSZ     RSS   %MEM  Command
14時18分42秒     0      9411         -      0.00      0.00  117360     628   0.03  test_pthread
14時18分42秒     0         -      9411      0.00      0.00  117360     628   0.03  |__test_pthread
14時18分42秒     0         -      9413      0.00      0.00  117360     628   0.03  |__test_pthread
14時18分42秒     0         -      9414      0.00      0.00  117360     628   0.03  |__test_pthread
14時18分42秒     0         -      9415      0.00      0.00  117360     628   0.03  |__test_pthread
14時18分42秒     0         -      9416      0.00      0.00  117360     628   0.03  |__test_pthread
14時18分42秒     0         -      9417      0.00      0.00  117360     628   0.03  |__test_pthread
14時18分42秒     0         -      9418      0.00      0.00  117360     628   0.03  |__test_pthread

14時18分41秒   UID      TGID       TID StkSize  StkRef  Command
14時18分42秒     0      9411         -     132      12  test_pthread
14時18分42秒     0         -      9411     132      12  |__test_pthread
14時18分42秒     0         -      9413     132      12  |__test_pthread
14時18分42秒     0         -      9414     132      12  |__test_pthread
14時18分42秒     0         -      9415     132      12  |__test_pthread
14時18分42秒     0         -      9416     132      12  |__test_pthread
14時18分42秒     0         -      9417     132      12  |__test_pthread
14時18分42秒     0         -      9418     132      12  |__test_pthread

14時18分42秒   UID      TGID       TID    %usr %system  %guest   %wait    %CPU   CPU  Command
14時18分43秒     0      9411         -    0.00    0.00    0.00    0.00    0.00     4  test_pthread
14時18分43秒     0         -      9411    0.00    0.00    0.00    0.00    0.00     4  |__test_pthread
14時18分43秒     0         -      9413    0.00    0.00    0.00    0.00    0.00     6  |__test_pthread
14時18分43秒     0         -      9414    0.00    0.00    0.00    0.00    0.00     7  |__test_pthread
14時18分43秒     0         -      9415    0.00    0.00    0.00    0.00    0.00     0  |__test_pthread
14時18分43秒     0         -      9416    0.00    0.00    0.00    0.00    0.00     5  |__test_pthread
14時18分43秒     0         -      9417    0.00    0.00    0.00    0.00    0.00     3  |__test_pthread
14時18分43秒     0         -      9418    0.00    0.00    0.00    0.00    0.00     1  |__test_pthread

14時18分42秒   UID      TGID       TID  minflt/s  majflt/s     VSZ     RSS   %MEM  Command
14時18分43秒     0      9411         -      0.00      0.00  117360     628   0.03  test_pthread
14時18分43秒     0         -      9411      0.00      0.00  117360     628   0.03  |__test_pthread
14時18分43秒     0         -      9413      0.00      0.00  117360     628   0.03  |__test_pthread
14時18分43秒     0         -      9414      0.00      0.00  117360     628   0.03  |__test_pthread
14時18分43秒     0         -      9415      0.00      0.00  117360     628   0.03  |__test_pthread
14時18分43秒     0         -      9416      0.00      0.00  117360     628   0.03  |__test_pthread
14時18分43秒     0         -      9417      0.00      0.00  117360     628   0.03  |__test_pthread
14時18分43秒     0         -      9418      0.00      0.00  117360     628   0.03  |__test_pthread

14時18分42秒   UID      TGID       TID StkSize  StkRef  Command
14時18分43秒     0      9411         -     132      12  test_pthread
14時18分43秒     0         -      9411     132      12  |__test_pthread
14時18分43秒     0         -      9413     132      12  |__test_pthread
14時18分43秒     0         -      9414     132      12  |__test_pthread
14時18分43秒     0         -      9415     132      12  |__test_pthread
14時18分43秒     0         -      9416     132      12  |__test_pthread
14時18分43秒     0         -      9417     132      12  |__test_pthread
14時18分43秒     0         -      9418     132      12  |__test_pthread

14時18分43秒   UID      TGID       TID    %usr %system  %guest   %wait    %CPU   CPU  Command
14時18分44秒     0      9411         -    0.00    0.00    0.00    0.00    0.00     4  test_pthread
14時18分44秒     0         -      9411    0.00    0.00    0.00    0.00    0.00     4  |__test_pthread
14時18分44秒     0         -      9413    0.00    0.00    0.00    0.00    0.00     6  |__test_pthread
14時18分44秒     0         -      9414    0.00    0.00    0.00    0.00    0.00     7  |__test_pthread
14時18分44秒     0         -      9415    0.00    0.00    0.00    0.00    0.00     0  |__test_pthread
14時18分44秒     0         -      9416    0.00    0.00    0.00    0.00    0.00     5  |__test_pthread
14時18分44秒     0         -      9417    0.00    0.00    0.00    0.00    0.00     3  |__test_pthread
14時18分44秒     0         -      9418    0.00    0.00    0.00    0.00    0.00     1  |__test_pthread

14時18分43秒   UID      TGID       TID  minflt/s  majflt/s     VSZ     RSS   %MEM  Command
14時18分44秒     0      9411         -      0.00      0.00  117360     628   0.03  test_pthread
14時18分44秒     0         -      9411      0.00      0.00  117360     628   0.03  |__test_pthread
14時18分44秒     0         -      9413      0.00      0.00  117360     628   0.03  |__test_pthread
14時18分44秒     0         -      9414      0.00      0.00  117360     628   0.03  |__test_pthread
14時18分44秒     0         -      9415      0.00      0.00  117360     628   0.03  |__test_pthread
14時18分44秒     0         -      9416      0.00      0.00  117360     628   0.03  |__test_pthread
14時18分44秒     0         -      9417      0.00      0.00  117360     628   0.03  |__test_pthread
14時18分44秒     0         -      9418      0.00      0.00  117360     628   0.03  |__test_pthread

14時18分43秒   UID      TGID       TID StkSize  StkRef  Command
14時18分44秒     0      9411         -     132      12  test_pthread
14時18分44秒     0         -      9411     132      12  |__test_pthread
14時18分44秒     0         -      9413     132      12  |__test_pthread
14時18分44秒     0         -      9414     132      12  |__test_pthread
14時18分44秒     0         -      9415     132      12  |__test_pthread
14時18分44秒     0         -      9416     132      12  |__test_pthread
14時18分44秒     0         -      9417     132      12  |__test_pthread
14時18分44秒     0         -      9418     132      12  |__test_pthread

14時18分44秒   UID      TGID       TID    %usr %system  %guest   %wait    %CPU   CPU  Command
14時18分45秒     0      9411         -    0.00    0.00    0.00    0.00    0.00     4  test_pthread
14時18分45秒     0         -      9411    0.00    0.00    0.00    0.00    0.00     4  |__test_pthread
14時18分45秒     0         -      9413    0.00    0.00    0.00    0.00    0.00     6  |__test_pthread
14時18分45秒     0         -      9414    0.00    0.00    0.00    0.00    0.00     7  |__test_pthread
14時18分45秒     0         -      9415    0.00    0.00    0.00    0.00    0.00     0  |__test_pthread
14時18分45秒     0         -      9416    0.00    0.00    0.00    0.00    0.00     5  |__test_pthread
14時18分45秒     0         -      9417    0.00    0.00    0.00    0.00    0.00     3  |__test_pthread
14時18分45秒     0         -      9418    0.00    0.00    0.00    0.00    0.00     1  |__test_pthread

14時18分44秒   UID      TGID       TID  minflt/s  majflt/s     VSZ     RSS   %MEM  Command
14時18分45秒     0      9411         -      0.00      0.00  117360     628   0.03  test_pthread
14時18分45秒     0         -      9411      0.00      0.00  117360     628   0.03  |__test_pthread
14時18分45秒     0         -      9413      0.00      0.00  117360     628   0.03  |__test_pthread
14時18分45秒     0         -      9414      0.00      0.00  117360     628   0.03  |__test_pthread
14時18分45秒     0         -      9415      0.00      0.00  117360     628   0.03  |__test_pthread
14時18分45秒     0         -      9416      0.00      0.00  117360     628   0.03  |__test_pthread
14時18分45秒     0         -      9417      0.00      0.00  117360     628   0.03  |__test_pthread
14時18分45秒     0         -      9418      0.00      0.00  117360     628   0.03  |__test_pthread

14時18分44秒   UID      TGID       TID StkSize  StkRef  Command
14時18分45秒     0      9411         -     132      12  test_pthread
14時18分45秒     0         -      9411     132      12  |__test_pthread
14時18分45秒     0         -      9413     132      12  |__test_pthread
14時18分45秒     0         -      9414     132      12  |__test_pthread
14時18分45秒     0         -      9415     132      12  |__test_pthread
14時18分45秒     0         -      9416     132      12  |__test_pthread
14時18分45秒     0         -      9417     132      12  |__test_pthread
14時18分45秒     0         -      9418     132      12  |__test_pthread

14時18分45秒   UID      TGID       TID    %usr %system  %guest   %wait    %CPU   CPU  Command
14時18分46秒     0      9411         -    0.00    0.00    0.00    0.00    0.00     4  test_pthread
14時18分46秒     0         -      9411    0.00    0.00    0.00    0.00    0.00     4  |__test_pthread
14時18分46秒     0         -      9413    0.00    0.00    0.00    0.00    0.00     6  |__test_pthread
14時18分46秒     0         -      9414    0.00    0.00    0.00    0.00    0.00     7  |__test_pthread
14時18分46秒     0         -      9415    0.00    0.00    0.00    0.00    0.00     0  |__test_pthread
14時18分46秒     0         -      9416    0.00    0.00    0.00    0.00    0.00     5  |__test_pthread
14時18分46秒     0         -      9417    0.00    0.00    0.00    0.00    0.00     3  |__test_pthread
14時18分46秒     0         -      9418    0.00    0.00    0.00    0.00    0.00     1  |__test_pthread

14時18分45秒   UID      TGID       TID  minflt/s  majflt/s     VSZ     RSS   %MEM  Command
14時18分46秒     0      9411         -      0.00      0.00  117360     628   0.03  test_pthread
14時18分46秒     0         -      9411      0.00      0.00  117360     628   0.03  |__test_pthread
14時18分46秒     0         -      9413      0.00      0.00  117360     628   0.03  |__test_pthread
14時18分46秒     0         -      9414      0.00      0.00  117360     628   0.03  |__test_pthread
14時18分46秒     0         -      9415      0.00      0.00  117360     628   0.03  |__test_pthread
14時18分46秒     0         -      9416      0.00      0.00  117360     628   0.03  |__test_pthread
14時18分46秒     0         -      9417      0.00      0.00  117360     628   0.03  |__test_pthread
14時18分46秒     0         -      9418      0.00      0.00  117360     628   0.03  |__test_pthread

14時18分45秒   UID      TGID       TID StkSize  StkRef  Command
14時18分46秒     0      9411         -     132      12  test_pthread
14時18分46秒     0         -      9411     132      12  |__test_pthread
14時18分46秒     0         -      9413     132      12  |__test_pthread
14時18分46秒     0         -      9414     132      12  |__test_pthread
14時18分46秒     0         -      9415     132      12  |__test_pthread
14時18分46秒     0         -      9416     132      12  |__test_pthread
14時18分46秒     0         -      9417     132      12  |__test_pthread
14時18分46秒     0         -      9418     132      12  |__test_pthread

14時18分46秒   UID      TGID       TID    %usr %system  %guest   %wait    %CPU   CPU  Command
14時18分47秒     0      9411         -    0.00    0.00    0.00    0.00    0.00     4  test_pthread
14時18分47秒     0         -      9411    0.00    0.00    0.00    0.00    0.00     4  |__test_pthread
14時18分47秒     0         -      9413    0.00    0.00    0.00    0.00    0.00     6  |__test_pthread
14時18分47秒     0         -      9414    0.00    0.00    0.00    0.00    0.00     7  |__test_pthread
14時18分47秒     0         -      9415    0.00    0.00    0.00    0.00    0.00     0  |__test_pthread
14時18分47秒     0         -      9416    0.00    0.00    0.00    0.00    0.00     5  |__test_pthread
14時18分47秒     0         -      9417    0.00    0.00    0.00    0.00    0.00     3  |__test_pthread
14時18分47秒     0         -      9418    0.00    0.00    0.00    0.00    0.00     1  |__test_pthread

14時18分46秒   UID      TGID       TID  minflt/s  majflt/s     VSZ     RSS   %MEM  Command
14時18分47秒     0      9411         -      0.00      0.00  117360     628   0.03  test_pthread
14時18分47秒     0         -      9411      0.00      0.00  117360     628   0.03  |__test_pthread
14時18分47秒     0         -      9413      0.00      0.00  117360     628   0.03  |__test_pthread
14時18分47秒     0         -      9414      0.00      0.00  117360     628   0.03  |__test_pthread
14時18分47秒     0         -      9415      0.00      0.00  117360     628   0.03  |__test_pthread
14時18分47秒     0         -      9416      0.00      0.00  117360     628   0.03  |__test_pthread
14時18分47秒     0         -      9417      0.00      0.00  117360     628   0.03  |__test_pthread
14時18分47秒     0         -      9418      0.00      0.00  117360     628   0.03  |__test_pthread

14時18分46秒   UID      TGID       TID StkSize  StkRef  Command
14時18分47秒     0      9411         -     132      12  test_pthread
14時18分47秒     0         -      9411     132      12  |__test_pthread
14時18分47秒     0         -      9413     132      12  |__test_pthread
14時18分47秒     0         -      9414     132      12  |__test_pthread
14時18分47秒     0         -      9415     132      12  |__test_pthread
14時18分47秒     0         -      9416     132      12  |__test_pthread
14時18分47秒     0         -      9417     132      12  |__test_pthread
14時18分47秒     0         -      9418     132      12  |__test_pthread

14時18分47秒   UID      TGID       TID    %usr %system  %guest   %wait    %CPU   CPU  Command
14時18分48秒     0      9411         -    0.00    0.00    0.00    0.00    0.00     4  test_pthread
14時18分48秒     0         -      9411    0.00    0.00    0.00    0.00    0.00     4  |__test_pthread
14時18分48秒     0         -      9413    0.00    0.00    0.00    0.00    0.00     6  |__test_pthread
14時18分48秒     0         -      9414    0.00    0.00    0.00    0.00    0.00     7  |__test_pthread
14時18分48秒     0         -      9415    0.00    0.00    0.00    0.00    0.00     0  |__test_pthread
14時18分48秒     0         -      9416    0.00    0.00    0.00    0.00    0.00     5  |__test_pthread
14時18分48秒     0         -      9417    0.00    0.00    0.00    0.00    0.00     3  |__test_pthread
14時18分48秒     0         -      9418    0.00    0.00    0.00    0.00    0.00     1  |__test_pthread

14時18分47秒   UID      TGID       TID  minflt/s  majflt/s     VSZ     RSS   %MEM  Command
14時18分48秒     0      9411         -      0.00      0.00  117360     628   0.03  test_pthread
14時18分48秒     0         -      9411      0.00      0.00  117360     628   0.03  |__test_pthread
14時18分48秒     0         -      9413      0.00      0.00  117360     628   0.03  |__test_pthread
14時18分48秒     0         -      9414      0.00      0.00  117360     628   0.03  |__test_pthread
14時18分48秒     0         -      9415      0.00      0.00  117360     628   0.03  |__test_pthread
14時18分48秒     0         -      9416      0.00      0.00  117360     628   0.03  |__test_pthread
14時18分48秒     0         -      9417      0.00      0.00  117360     628   0.03  |__test_pthread
14時18分48秒     0         -      9418      0.00      0.00  117360     628   0.03  |__test_pthread

14時18分47秒   UID      TGID       TID StkSize  StkRef  Command
14時18分48秒     0      9411         -     132      12  test_pthread
14時18分48秒     0         -      9411     132      12  |__test_pthread
14時18分48秒     0         -      9413     132      12  |__test_pthread
14時18分48秒     0         -      9414     132      12  |__test_pthread
14時18分48秒     0         -      9415     132      12  |__test_pthread
14時18分48秒     0         -      9416     132      12  |__test_pthread
14時18分48秒     0         -      9417     132      12  |__test_pthread
14時18分48秒     0         -      9418     132      12  |__test_pthread

14時18分48秒   UID      TGID       TID    %usr %system  %guest   %wait    %CPU   CPU  Command
14時18分49秒     0      9411         -    0.00    0.00    0.00    0.00    0.00     4  test_pthread
14時18分49秒     0         -      9411    0.00    0.00    0.00    0.00    0.00     4  |__test_pthread

14時18分48秒   UID      TGID       TID  minflt/s  majflt/s     VSZ     RSS   %MEM  Command
14時18分49秒     0      9411         -      5.00      0.00  100968    1580   0.08  test_pthread
14時18分49秒     0         -      9411      0.00      0.00  100968    1580   0.08  |__test_pthread

14時18分48秒   UID      TGID       TID StkSize  StkRef  Command
14時18分49秒     0      9411         -     132      12  test_pthread
14時18分49秒     0         -      9411     132      12  |__test_pthread

14時18分49秒   UID      TGID       TID    %usr %system  %guest   %wait    %CPU   CPU  Command
14時18分50秒     0      9411         -    0.00    0.00    0.00    0.00    0.00     4  test_pthread
14時18分50秒     0         -      9411    0.00    0.00    0.00    0.00    0.00     4  |__test_pthread

14時18分49秒   UID      TGID       TID  minflt/s  majflt/s     VSZ     RSS   %MEM  Command
14時18分50秒     0      9411         -      0.00      0.00  100968    1580   0.08  test_pthread
14時18分50秒     0         -      9411      0.00      0.00  100968    1580   0.08  |__test_pthread

14時18分49秒   UID      TGID       TID StkSize  StkRef  Command
14時18分50秒     0      9411         -     132      12  test_pthread
14時18分50秒     0         -      9411     132      12  |__test_pthread

14時18分50秒   UID      TGID       TID    %usr %system  %guest   %wait    %CPU   CPU  Command
14時18分51秒     0      9411         -    0.00    0.00    0.00    0.00    0.00     4  test_pthread
14時18分51秒     0         -      9411    0.00    0.00    0.00    0.00    0.00     4  |__test_pthread

14時18分50秒   UID      TGID       TID  minflt/s  majflt/s     VSZ     RSS   %MEM  Command
14時18分51秒     0      9411         -      0.00      0.00  100968    1580   0.08  test_pthread
14時18分51秒     0         -      9411      0.00      0.00  100968    1580   0.08  |__test_pthread

14時18分50秒   UID      TGID       TID StkSize  StkRef  Command
14時18分51秒     0      9411         -     132      12  test_pthread
14時18分51秒     0         -      9411     132      12  |__test_pthread

14時18分51秒   UID      TGID       TID    %usr %system  %guest   %wait    %CPU   CPU  Command
14時18分52秒     0      9411         -    0.00    0.00    0.00    0.00    0.00     4  test_pthread
14時18分52秒     0         -      9411    0.00    0.00    0.00    0.00    0.00     4  |__test_pthread

14時18分51秒   UID      TGID       TID  minflt/s  majflt/s     VSZ     RSS   %MEM  Command
14時18分52秒     0      9411         -      0.00      0.00  100968    1580   0.08  test_pthread
14時18分52秒     0         -      9411      0.00      0.00  100968    1580   0.08  |__test_pthread

14時18分51秒   UID      TGID       TID StkSize  StkRef  Command
14時18分52秒     0      9411         -     132      12  test_pthread
14時18分52秒     0         -      9411     132      12  |__test_pthread

14時18分52秒   UID      TGID       TID    %usr %system  %guest   %wait    %CPU   CPU  Command
14時18分53秒     0      9411         -    0.00    0.00    0.00    0.00    0.00     4  test_pthread
14時18分53秒     0         -      9411    0.00    0.00    0.00    0.00    0.00     4  |__test_pthread

14時18分52秒   UID      TGID       TID  minflt/s  majflt/s     VSZ     RSS   %MEM  Command
14時18分53秒     0      9411         -      0.00      0.00  100968    1580   0.08  test_pthread
14時18分53秒     0         -      9411      0.00      0.00  100968    1580   0.08  |__test_pthread

14時18分52秒   UID      TGID       TID StkSize  StkRef  Command
14時18分53秒     0      9411         -     132      12  test_pthread
14時18分53秒     0         -      9411     132      12  |__test_pthread

14時18分53秒   UID      TGID       TID    %usr %system  %guest   %wait    %CPU   CPU  Command
14時18分54秒     0      9411         -    0.00    0.00    0.00    0.00    0.00     4  test_pthread
14時18分54秒     0         -      9411    0.00    0.00    0.00    0.00    0.00     4  |__test_pthread

14時18分53秒   UID      TGID       TID  minflt/s  majflt/s     VSZ     RSS   %MEM  Command
14時18分54秒     0      9411         -      0.00      0.00  100968    1580   0.08  test_pthread
14時18分54秒     0         -      9411      0.00      0.00  100968    1580   0.08  |__test_pthread

14時18分53秒   UID      TGID       TID StkSize  StkRef  Command
14時18分54秒     0      9411         -     132      12  test_pthread
14時18分54秒     0         -      9411     132      12  |__test_pthread

14時18分54秒   UID      TGID       TID    %usr %system  %guest   %wait    %CPU   CPU  Command
14時18分55秒     0      9411         -    0.00    0.00    0.00    0.00    0.00     4  test_pthread
14時18分55秒     0         -      9411    0.00    0.00    0.00    0.00    0.00     4  |__test_pthread

14時18分54秒   UID      TGID       TID  minflt/s  majflt/s     VSZ     RSS   %MEM  Command
14時18分55秒     0      9411         -      0.00      0.00  100968    1580   0.08  test_pthread
14時18分55秒     0         -      9411      0.00      0.00  100968    1580   0.08  |__test_pthread

14時18分54秒   UID      TGID       TID StkSize  StkRef  Command
14時18分55秒     0      9411         -     132      12  test_pthread
14時18分55秒     0         -      9411     132      12  |__test_pthread

14時18分55秒   UID      TGID       TID    %usr %system  %guest   %wait    %CPU   CPU  Command
14時18分56秒     0      9411         -    0.00    0.00    0.00    0.00    0.00     4  test_pthread
14時18分56秒     0         -      9411    0.00    0.00    0.00    0.00    0.00     4  |__test_pthread

14時18分55秒   UID      TGID       TID  minflt/s  majflt/s     VSZ     RSS   %MEM  Command
14時18分56秒     0      9411         -      0.00      0.00  100968    1580   0.08  test_pthread
14時18分56秒     0         -      9411      0.00      0.00  100968    1580   0.08  |__test_pthread

14時18分55秒   UID      TGID       TID StkSize  StkRef  Command
14時18分56秒     0      9411         -     132      12  test_pthread
14時18分56秒     0         -      9411     132      12  |__test_pthread

14時18分56秒   UID      TGID       TID    %usr %system  %guest   %wait    %CPU   CPU  Command
14時18分57秒     0      9411         -    0.00    0.00    0.00    0.00    0.00     4  test_pthread
14時18分57秒     0         -      9411    0.00    0.00    0.00    0.00    0.00     4  |__test_pthread

14時18分56秒   UID      TGID       TID  minflt/s  majflt/s     VSZ     RSS   %MEM  Command
14時18分57秒     0      9411         -      0.00      0.00  100968    1580   0.08  test_pthread
14時18分57秒     0         -      9411      0.00      0.00  100968    1580   0.08  |__test_pthread

14時18分56秒   UID      TGID       TID StkSize  StkRef  Command
14時18分57秒     0      9411         -     132      12  test_pthread
14時18分57秒     0         -      9411     132      12  |__test_pthread

14時18分57秒   UID      TGID       TID    %usr %system  %guest   %wait    %CPU   CPU  Command
14時18分58秒     0      9411         -    0.00    0.00    0.00    0.00    0.00     4  test_pthread
14時18分58秒     0         -      9411    0.00    0.00    0.00    0.00    0.00     4  |__test_pthread

14時18分57秒   UID      TGID       TID  minflt/s  majflt/s     VSZ     RSS   %MEM  Command
14時18分58秒     0      9411         -      0.00      0.00  100968    1580   0.08  test_pthread
14時18分58秒     0         -      9411      0.00      0.00  100968    1580   0.08  |__test_pthread

14時18分57秒   UID      TGID       TID StkSize  StkRef  Command
14時18分58秒     0      9411         -     132      12  test_pthread
14時18分58秒     0         -      9411     132      12  |__test_pthread

14時18分58秒   UID      TGID       TID    %usr %system  %guest   %wait    %CPU   CPU  Command
14時18分59秒     0      9411         -    0.00    0.00    0.00    0.00    0.00     4  test_pthread
14時18分59秒     0         -      9411    0.00    0.00    0.00    0.00    0.00     4  |__test_pthread
14時18分59秒     0         -      9420    0.00    0.00    0.00    0.00    0.00     6  |__test_pthread
14時18分59秒     0         -      9421    0.00    0.00    0.00    0.00    0.00     7  |__test_pthread

14時18分58秒   UID      TGID       TID  minflt/s  majflt/s     VSZ     RSS   %MEM  Command
14時18分59秒     0      9411         -      0.00      0.00  100968    1580   0.08  test_pthread
14時18分59秒     0         -      9411      0.00      0.00  100968    1580   0.08  |__test_pthread
14時18分59秒     0         -      9420      0.00      0.00  100968    1580   0.08  |__test_pthread
14時18分59秒     0         -      9421      0.00      0.00  100968    1580   0.08  |__test_pthread

14時18分58秒   UID      TGID       TID StkSize  StkRef  Command
14時18分59秒     0      9411         -     132      12  test_pthread
14時18分59秒     0         -      9411     132      12  |__test_pthread
14時18分59秒     0         -      9420     132      12  |__test_pthread
14時18分59秒     0         -      9421     132      12  |__test_pthread

14時18分59秒   UID      TGID       TID    %usr %system  %guest   %wait    %CPU   CPU  Command
14時19分00秒     0      9411         -    0.00    0.00    0.00    0.00    0.00     4  test_pthread
14時19分00秒     0         -      9411    0.00    0.00    0.00    0.00    0.00     4  |__test_pthread
14時19分00秒     0         -      9420    0.00    0.00    0.00    0.00    0.00     6  |__test_pthread
14時19分00秒     0         -      9421    0.00    0.00    0.00    0.00    0.00     7  |__test_pthread

14時18分59秒   UID      TGID       TID  minflt/s  majflt/s     VSZ     RSS   %MEM  Command
14時19分00秒     0      9411         -      0.00      0.00  100968    1580   0.08  test_pthread
14時19分00秒     0         -      9411      0.00      0.00  100968    1580   0.08  |__test_pthread
14時19分00秒     0         -      9420      0.00      0.00  100968    1580   0.08  |__test_pthread
14時19分00秒     0         -      9421      0.00      0.00  100968    1580   0.08  |__test_pthread

14時18分59秒   UID      TGID       TID StkSize  StkRef  Command
14時19分00秒     0      9411         -     132      12  test_pthread
14時19分00秒     0         -      9411     132      12  |__test_pthread
14時19分00秒     0         -      9420     132      12  |__test_pthread
14時19分00秒     0         -      9421     132      12  |__test_pthread

14時19分00秒   UID      TGID       TID    %usr %system  %guest   %wait    %CPU   CPU  Command
14時19分01秒     0      9411         -    0.00    0.00    0.00    0.00    0.00     4  test_pthread
14時19分01秒     0         -      9411    0.00    0.00    0.00    0.00    0.00     4  |__test_pthread
14時19分01秒     0         -      9420    0.00    0.00    0.00    0.00    0.00     6  |__test_pthread
14時19分01秒     0         -      9421    0.00    0.00    0.00    0.00    0.00     7  |__test_pthread

14時19分00秒   UID      TGID       TID  minflt/s  majflt/s     VSZ     RSS   %MEM  Command
14時19分01秒     0      9411         -      0.00      0.00  100968    1580   0.08  test_pthread
14時19分01秒     0         -      9411      0.00      0.00  100968    1580   0.08  |__test_pthread
14時19分01秒     0         -      9420      0.00      0.00  100968    1580   0.08  |__test_pthread
14時19分01秒     0         -      9421      0.00      0.00  100968    1580   0.08  |__test_pthread

14時19分00秒   UID      TGID       TID StkSize  StkRef  Command
14時19分01秒     0      9411         -     132      12  test_pthread
14時19分01秒     0         -      9411     132      12  |__test_pthread
14時19分01秒     0         -      9420     132      12  |__test_pthread
14時19分01秒     0         -      9421     132      12  |__test_pthread

14時19分01秒   UID      TGID       TID    %usr %system  %guest   %wait    %CPU   CPU  Command
14時19分02秒     0      9411         -    0.00    0.00    0.00    0.00    0.00     4  test_pthread
14時19分02秒     0         -      9411    0.00    0.00    0.00    0.00    0.00     4  |__test_pthread
14時19分02秒     0         -      9420    0.00    0.00    0.00    0.00    0.00     6  |__test_pthread
14時19分02秒     0         -      9421    0.00    0.00    0.00    0.00    0.00     7  |__test_pthread

14時19分01秒   UID      TGID       TID  minflt/s  majflt/s     VSZ     RSS   %MEM  Command
14時19分02秒     0      9411         -      0.00      0.00  100968    1580   0.08  test_pthread
14時19分02秒     0         -      9411      0.00      0.00  100968    1580   0.08  |__test_pthread
14時19分02秒     0         -      9420      0.00      0.00  100968    1580   0.08  |__test_pthread
14時19分02秒     0         -      9421      0.00      0.00  100968    1580   0.08  |__test_pthread

14時19分01秒   UID      TGID       TID StkSize  StkRef  Command
14時19分02秒     0      9411         -     132      12  test_pthread
14時19分02秒     0         -      9411     132      12  |__test_pthread
14時19分02秒     0         -      9420     132      12  |__test_pthread
14時19分02秒     0         -      9421     132      12  |__test_pthread

14時19分02秒   UID      TGID       TID    %usr %system  %guest   %wait    %CPU   CPU  Command
14時19分03秒     0      9411         -    0.00    0.00    0.00    0.00    0.00     4  test_pthread
14時19分03秒     0         -      9411    0.00    0.00    0.00    0.00    0.00     4  |__test_pthread
14時19分03秒     0         -      9420    0.00    0.00    0.00    0.00    0.00     6  |__test_pthread
14時19分03秒     0         -      9421    0.00    0.00    0.00    0.00    0.00     7  |__test_pthread

14時19分02秒   UID      TGID       TID  minflt/s  majflt/s     VSZ     RSS   %MEM  Command
14時19分03秒     0      9411         -      0.00      0.00  100968    1580   0.08  test_pthread
14時19分03秒     0         -      9411      0.00      0.00  100968    1580   0.08  |__test_pthread
14時19分03秒     0         -      9420      0.00      0.00  100968    1580   0.08  |__test_pthread
14時19分03秒     0         -      9421      0.00      0.00  100968    1580   0.08  |__test_pthread

14時19分02秒   UID      TGID       TID StkSize  StkRef  Command
14時19分03秒     0      9411         -     132      12  test_pthread
14時19分03秒     0         -      9411     132      12  |__test_pthread
14時19分03秒     0         -      9420     132      12  |__test_pthread
14時19分03秒     0         -      9421     132      12  |__test_pthread

14時19分03秒   UID      TGID       TID    %usr %system  %guest   %wait    %CPU   CPU  Command
14時19分04秒     0      9411         -    0.00    0.00    0.00    0.00    0.00     4  test_pthread
14時19分04秒     0         -      9411    0.00    0.00    0.00    0.00    0.00     4  |__test_pthread
14時19分04秒     0         -      9420    0.00    0.00    0.00    0.00    0.00     6  |__test_pthread
14時19分04秒     0         -      9421    0.00    0.00    0.00    0.00    0.00     7  |__test_pthread

14時19分03秒   UID      TGID       TID  minflt/s  majflt/s     VSZ     RSS   %MEM  Command
14時19分04秒     0      9411         -      0.00      0.00  100968    1580   0.08  test_pthread
14時19分04秒     0         -      9411      0.00      0.00  100968    1580   0.08  |__test_pthread
14時19分04秒     0         -      9420      0.00      0.00  100968    1580   0.08  |__test_pthread
14時19分04秒     0         -      9421      0.00      0.00  100968    1580   0.08  |__test_pthread

14時19分03秒   UID      TGID       TID StkSize  StkRef  Command
14時19分04秒     0      9411         -     132      12  test_pthread
14時19分04秒     0         -      9411     132      12  |__test_pthread
14時19分04秒     0         -      9420     132      12  |__test_pthread
14時19分04秒     0         -      9421     132      12  |__test_pthread

14時19分04秒   UID      TGID       TID    %usr %system  %guest   %wait    %CPU   CPU  Command
14時19分05秒     0      9411         -    0.00    0.00    0.00    0.00    0.00     4  test_pthread
14時19分05秒     0         -      9411    0.00    0.00    0.00    0.00    0.00     4  |__test_pthread
14時19分05秒     0         -      9420    0.00    0.00    0.00    0.00    0.00     6  |__test_pthread
14時19分05秒     0         -      9421    0.00    0.00    0.00    0.00    0.00     7  |__test_pthread

14時19分04秒   UID      TGID       TID  minflt/s  majflt/s     VSZ     RSS   %MEM  Command
14時19分05秒     0      9411         -      0.00      0.00  100968    1580   0.08  test_pthread
14時19分05秒     0         -      9411      0.00      0.00  100968    1580   0.08  |__test_pthread
14時19分05秒     0         -      9420      0.00      0.00  100968    1580   0.08  |__test_pthread
14時19分05秒     0         -      9421      0.00      0.00  100968    1580   0.08  |__test_pthread

14時19分04秒   UID      TGID       TID StkSize  StkRef  Command
14時19分05秒     0      9411         -     132      12  test_pthread
14時19分05秒     0         -      9411     132      12  |__test_pthread
14時19分05秒     0         -      9420     132      12  |__test_pthread
14時19分05秒     0         -      9421     132      12  |__test_pthread

14時19分05秒   UID      TGID       TID    %usr %system  %guest   %wait    %CPU   CPU  Command
14時19分06秒     0      9411         -    0.00    0.00    0.00    0.00    0.00     4  test_pthread
14時19分06秒     0         -      9411    0.00    0.00    0.00    0.00    0.00     4  |__test_pthread
14時19分06秒     0         -      9420    0.00    0.00    0.00    0.00    0.00     6  |__test_pthread
14時19分06秒     0         -      9421    0.00    0.00    0.00    0.00    0.00     7  |__test_pthread

14時19分05秒   UID      TGID       TID  minflt/s  majflt/s     VSZ     RSS   %MEM  Command
14時19分06秒     0      9411         -      0.00      0.00  100968    1580   0.08  test_pthread
14時19分06秒     0         -      9411      0.00      0.00  100968    1580   0.08  |__test_pthread
14時19分06秒     0         -      9420      0.00      0.00  100968    1580   0.08  |__test_pthread
14時19分06秒     0         -      9421      0.00      0.00  100968    1580   0.08  |__test_pthread

14時19分05秒   UID      TGID       TID StkSize  StkRef  Command
14時19分06秒     0      9411         -     132      12  test_pthread
14時19分06秒     0         -      9411     132      12  |__test_pthread
14時19分06秒     0         -      9420     132      12  |__test_pthread
14時19分06秒     0         -      9421     132      12  |__test_pthread

14時19分06秒   UID      TGID       TID    %usr %system  %guest   %wait    %CPU   CPU  Command
14時19分07秒     0      9411         -    0.00    0.00    0.00    0.00    0.00     4  test_pthread
14時19分07秒     0         -      9411    0.00    0.00    0.00    0.00    0.00     4  |__test_pthread
14時19分07秒     0         -      9420    0.00    0.00    0.00    0.00    0.00     6  |__test_pthread
14時19分07秒     0         -      9421    0.00    0.00    0.00    0.00    0.00     7  |__test_pthread

14時19分06秒   UID      TGID       TID  minflt/s  majflt/s     VSZ     RSS   %MEM  Command
14時19分07秒     0      9411         -      0.00      0.00  100968    1580   0.08  test_pthread
14時19分07秒     0         -      9411      0.00      0.00  100968    1580   0.08  |__test_pthread
14時19分07秒     0         -      9420      0.00      0.00  100968    1580   0.08  |__test_pthread
14時19分07秒     0         -      9421      0.00      0.00  100968    1580   0.08  |__test_pthread

14時19分06秒   UID      TGID       TID StkSize  StkRef  Command
14時19分07秒     0      9411         -     132      12  test_pthread
14時19分07秒     0         -      9411     132      12  |__test_pthread
14時19分07秒     0         -      9420     132      12  |__test_pthread
14時19分07秒     0         -      9421     132      12  |__test_pthread

14時19分07秒   UID      TGID       TID    %usr %system  %guest   %wait    %CPU   CPU  Command
14時19分08秒     0      9411         -    0.00    0.00    0.00    0.00    0.00     4  test_pthread
14時19分08秒     0         -      9411    0.00    0.00    0.00    0.00    0.00     4  |__test_pthread
14時19分08秒     0         -      9420    0.00    0.00    0.00    0.00    0.00     6  |__test_pthread
14時19分08秒     0         -      9421    0.00    0.00    0.00    0.00    0.00     7  |__test_pthread

14時19分07秒   UID      TGID       TID  minflt/s  majflt/s     VSZ     RSS   %MEM  Command
14時19分08秒     0      9411         -      0.00      0.00  100968    1580   0.08  test_pthread
14時19分08秒     0         -      9411      0.00      0.00  100968    1580   0.08  |__test_pthread
14時19分08秒     0         -      9420      0.00      0.00  100968    1580   0.08  |__test_pthread
14時19分08秒     0         -      9421      0.00      0.00  100968    1580   0.08  |__test_pthread

14時19分07秒   UID      TGID       TID StkSize  StkRef  Command
14時19分08秒     0      9411         -     132      12  test_pthread
14時19分08秒     0         -      9411     132      12  |__test_pthread
14時19分08秒     0         -      9420     132      12  |__test_pthread
14時19分08秒     0         -      9421     132      12  |__test_pthread

14時19分08秒   UID      TGID       TID    %usr %system  %guest   %wait    %CPU   CPU  Command
14時19分09秒     0      9411         -    0.00    0.00    0.00    0.00    0.00     4  test_pthread
14時19分09秒     0         -      9411    0.00    0.00    0.00    0.00    0.00     4  |__test_pthread

14時19分08秒   UID      TGID       TID  minflt/s  majflt/s     VSZ     RSS   %MEM  Command
14時19分09秒     0      9411         -      0.00      0.00  100968    1580   0.08  test_pthread
14時19分09秒     0         -      9411      0.00      0.00  100968    1580   0.08  |__test_pthread

14時19分08秒   UID      TGID       TID StkSize  StkRef  Command
14時19分09秒     0      9411         -     132      12  test_pthread
14時19分09秒     0         -      9411     132      12  |__test_pthread

14時19分09秒   UID      TGID       TID    %usr %system  %guest   %wait    %CPU   CPU  Command
14時19分10秒     0      9411         -    0.00    0.00    0.00    0.00    0.00     4  test_pthread
14時19分10秒     0         -      9411    0.00    0.00    0.00    0.00    0.00     4  |__test_pthread

14時19分09秒   UID      TGID       TID  minflt/s  majflt/s     VSZ     RSS   %MEM  Command
14時19分10秒     0      9411         -      0.00      0.00  100968    1580   0.08  test_pthread
14時19分10秒     0         -      9411      0.00      0.00  100968    1580   0.08  |__test_pthread

14時19分09秒   UID      TGID       TID StkSize  StkRef  Command
14時19分10秒     0      9411         -     132      12  test_pthread
14時19分10秒     0         -      9411     132      12  |__test_pthread

14時19分10秒   UID      TGID       TID    %usr %system  %guest   %wait    %CPU   CPU  Command
14時19分11秒     0      9411         -    0.00    0.00    0.00    0.00    0.00     4  test_pthread
14時19分11秒     0         -      9411    0.00    0.00    0.00    0.00    0.00     4  |__test_pthread

14時19分10秒   UID      TGID       TID  minflt/s  majflt/s     VSZ     RSS   %MEM  Command
14時19分11秒     0      9411         -      0.00      0.00  100968    1580   0.08  test_pthread
14時19分11秒     0         -      9411      0.00      0.00  100968    1580   0.08  |__test_pthread

14時19分10秒   UID      TGID       TID StkSize  StkRef  Command
14時19分11秒     0      9411         -     132      12  test_pthread
14時19分11秒     0         -      9411     132      12  |__test_pthread

14時19分11秒   UID      TGID       TID    %usr %system  %guest   %wait    %CPU   CPU  Command
14時19分12秒     0      9411         -    0.00    0.00    0.00    0.00    0.00     4  test_pthread
14時19分12秒     0         -      9411    0.00    0.00    0.00    0.00    0.00     4  |__test_pthread

14時19分11秒   UID      TGID       TID  minflt/s  majflt/s     VSZ     RSS   %MEM  Command
14時19分12秒     0      9411         -      0.00      0.00  100968    1580   0.08  test_pthread
14時19分12秒     0         -      9411      0.00      0.00  100968    1580   0.08  |__test_pthread

14時19分11秒   UID      TGID       TID StkSize  StkRef  Command
14時19分12秒     0      9411         -     132      12  test_pthread
14時19分12秒     0         -      9411     132      12  |__test_pthread

14時19分12秒   UID      TGID       TID    %usr %system  %guest   %wait    %CPU   CPU  Command
14時19分13秒     0      9411         -    0.00    0.00    0.00    0.00    0.00     4  test_pthread
14時19分13秒     0         -      9411    0.00    0.00    0.00    0.00    0.00     4  |__test_pthread

14時19分12秒   UID      TGID       TID  minflt/s  majflt/s     VSZ     RSS   %MEM  Command
14時19分13秒     0      9411         -      0.00      0.00  100968    1580   0.08  test_pthread
14時19分13秒     0         -      9411      0.00      0.00  100968    1580   0.08  |__test_pthread

14時19分12秒   UID      TGID       TID StkSize  StkRef  Command
14時19分13秒     0      9411         -     132      12  test_pthread
14時19分13秒     0         -      9411     132      12  |__test_pthread

14時19分13秒   UID      TGID       TID    %usr %system  %guest   %wait    %CPU   CPU  Command
14時19分14秒     0      9411         -    0.00    0.00    0.00    0.00    0.00     4  test_pthread
14時19分14秒     0         -      9411    0.00    0.00    0.00    0.00    0.00     4  |__test_pthread

14時19分13秒   UID      TGID       TID  minflt/s  majflt/s     VSZ     RSS   %MEM  Command
14時19分14秒     0      9411         -      0.00      0.00  100968    1580   0.08  test_pthread
14時19分14秒     0         -      9411      0.00      0.00  100968    1580   0.08  |__test_pthread

14時19分13秒   UID      TGID       TID StkSize  StkRef  Command
14時19分14秒     0      9411         -     132      12  test_pthread
14時19分14秒     0         -      9411     132      12  |__test_pthread

14時19分14秒   UID      TGID       TID    %usr %system  %guest   %wait    %CPU   CPU  Command
14時19分15秒     0      9411         -    0.00    0.00    0.00    0.00    0.00     4  test_pthread
14時19分15秒     0         -      9411    0.00    0.00    0.00    0.00    0.00     4  |__test_pthread

14時19分14秒   UID      TGID       TID  minflt/s  majflt/s     VSZ     RSS   %MEM  Command
14時19分15秒     0      9411         -      0.00      0.00  100968    1580   0.08  test_pthread
14時19分15秒     0         -      9411      0.00      0.00  100968    1580   0.08  |__test_pthread

14時19分14秒   UID      TGID       TID StkSize  StkRef  Command
14時19分15秒     0      9411         -     132      12  test_pthread
14時19分15秒     0         -      9411     132      12  |__test_pthread

14時19分15秒   UID      TGID       TID    %usr %system  %guest   %wait    %CPU   CPU  Command
14時19分16秒     0      9411         -    0.00    0.00    0.00    0.00    0.00     4  test_pthread
14時19分16秒     0         -      9411    0.00    0.00    0.00    0.00    0.00     4  |__test_pthread

14時19分15秒   UID      TGID       TID  minflt/s  majflt/s     VSZ     RSS   %MEM  Command
14時19分16秒     0      9411         -      0.00      0.00  100968    1580   0.08  test_pthread
14時19分16秒     0         -      9411      0.00      0.00  100968    1580   0.08  |__test_pthread

14時19分15秒   UID      TGID       TID StkSize  StkRef  Command
14時19分16秒     0      9411         -     132      12  test_pthread
14時19分16秒     0         -      9411     132      12  |__test_pthread

14時19分16秒   UID      TGID       TID    %usr %system  %guest   %wait    %CPU   CPU  Command
14時19分17秒     0      9411         -    0.00    0.00    0.00    0.00    0.00     4  test_pthread
14時19分17秒     0         -      9411    0.00    0.00    0.00    0.00    0.00     4  |__test_pthread

14時19分16秒   UID      TGID       TID  minflt/s  majflt/s     VSZ     RSS   %MEM  Command
14時19分17秒     0      9411         -      0.00      0.00  100968    1580   0.08  test_pthread
14時19分17秒     0         -      9411      0.00      0.00  100968    1580   0.08  |__test_pthread

14時19分16秒   UID      TGID       TID StkSize  StkRef  Command
14時19分17秒     0      9411         -     132      12  test_pthread
14時19分17秒     0         -      9411     132      12  |__test_pthread

14時19分17秒   UID      TGID       TID    %usr %system  %guest   %wait    %CPU   CPU  Command
14時19分18秒     0      9411         -    0.00    0.00    0.00    0.00    0.00     4  test_pthread
14時19分18秒     0         -      9411    0.00    0.00    0.00    0.00    0.00     4  |__test_pthread

14時19分17秒   UID      TGID       TID  minflt/s  majflt/s     VSZ     RSS   %MEM  Command
14時19分18秒     0      9411         -      0.00      0.00  100968    1580   0.08  test_pthread
14時19分18秒     0         -      9411      0.00      0.00  100968    1580   0.08  |__test_pthread

14時19分17秒   UID      TGID       TID StkSize  StkRef  Command
14時19分18秒     0      9411         -     132      12  test_pthread
14時19分18秒     0         -      9411     132      12  |__test_pthread

14時19分18秒   UID      TGID       TID    %usr %system  %guest   %wait    %CPU   CPU  Command

14時19分18秒   UID      TGID       TID  minflt/s  majflt/s     VSZ     RSS   %MEM  Command

14時19分18秒   UID      TGID       TID StkSize  StkRef  Command
